{"meta": {"format": 3, "version": "7.13.4", "timestamp": "2026-03-14T05:27:39.536246", "branch_coverage": false, "show_contexts": false}, "files": {"custom_components/dreo/__init__.py": {"executed_lines": [2, 3, 4, 6, 7, 15, 18, 20, 22, 23, 24, 25, 26, 27, 28, 30, 32, 33, 35, 48, 49, 51, 53, 54, 55, 57, 59, 60, 61, 133, 145], "summary": {"covered_lines": 31, "num_statements": 94, "percent_covered": 32.97872340425532, "percent_covered_display": "33", "missing_lines": 63, "excluded_lines": 0, "percent_statements_covered": 32.97872340425532, "percent_statements_covered_display": "33"}, "missing_lines": [36, 37, 38, 39, 40, 41, 42, 63, 64, 65, 66, 67, 68, 70, 71, 75, 76, 77, 78, 80, 81, 83, 85, 86, 87, 88, 90, 91, 92, 93, 94, 96, 97, 98, 99, 100, 101, 103, 104, 105, 106, 108, 109, 110, 111, 112, 114, 116, 117, 118, 120, 122, 124, 126, 129, 131, 135, 136, 140, 142, 143, 154, 164], "excluded_lines": [], "functions": {"async_setup_entry": {"executed_lines": [20, 22, 23, 24, 25, 26, 27, 28, 30, 32, 33, 35, 48, 49, 51, 53, 54, 55, 57, 59, 60, 61], "summary": {"covered_lines": 22, "num_statements": 77, "percent_covered": 28.571428571428573, "percent_covered_display": "29", "missing_lines": 55, "excluded_lines": 0, "percent_statements_covered": 28.571428571428573, "percent_statements_covered_display": "29"}, "missing_lines": [36, 37, 38, 39, 40, 41, 42, 63, 64, 65, 66, 67, 68, 70, 71, 75, 76, 77, 78, 80, 81, 83, 85, 86, 87, 88, 90, 91, 92, 93, 94, 96, 97, 98, 99, 100, 101, 103, 104, 105, 106, 108, 109, 110, 111, 112, 114, 116, 117, 118, 120, 122, 124, 129, 131], "excluded_lines": [], "start_line": 18}, "async_setup_entry._update_listener": {"executed_lines": [], "summary": {"covered_lines": 0, "num_statements": 1, "percent_covered": 0.0, "percent_covered_display": "0", "missing_lines": 1, "excluded_lines": 0, "percent_statements_covered": 0.0, "percent_statements_covered_display": "0"}, "missing_lines": [126], "excluded_lines": [], "start_line": 124}, "async_unload_entry": {"executed_lines": [], "summary": {"covered_lines": 0, "num_statements": 5, "percent_covered": 0.0, "percent_covered_display": "0", "missing_lines": 5, "excluded_lines": 0, "percent_statements_covered": 0.0, "percent_statements_covered_display": "0"}, "missing_lines": [135, 136, 140, 142, 143], "excluded_lines": [], "start_line": 133}, "async_remove_config_entry_device": {"executed_lines": [], "summary": {"covered_lines": 0, "num_statements": 2, "percent_covered": 0.0, "percent_covered_display": "0", "missing_lines": 2, "excluded_lines": 0, "percent_statements_covered": 0.0, "percent_statements_covered_display": "0"}, "missing_lines": [154, 164], "excluded_lines": [], "start_line": 145}, "": {"executed_lines": [2, 3, 4, 6, 7, 15, 18, 133, 145], "summary": {"covered_lines": 9, "num_statements": 9, "percent_covered": 100.0, "percent_covered_display": "100", "missing_lines": 0, "excluded_lines": 0, "percent_statements_covered": 100.0, "percent_statements_covered_display": "100"}, "missing_lines": [], "excluded_lines": [], "start_line": 1}}, "classes": {"": {"executed_lines": [2, 3, 4, 6, 7, 15, 18, 20, 22, 23, 24, 25, 26, 27, 28, 30, 32, 33, 35, 48, 49, 51, 53, 54, 55, 57, 59, 60, 61, 133, 145], "summary": {"covered_lines": 31, "num_statements": 94, "percent_covered": 32.97872340425532, "percent_covered_display": "33", "missing_lines": 63, "excluded_lines": 0, "percent_statements_covered": 32.97872340425532, "percent_statements_covered_display": "33"}, "missing_lines": [36, 37, 38, 39, 40, 41, 42, 63, 64, 65, 66, 67, 68, 70, 71, 75, 76, 77, 78, 80, 81, 83, 85, 86, 87, 88, 90, 91, 92, 93, 94, 96, 97, 98, 99, 100, 101, 103, 104, 105, 106, 108, 109, 110, 111, 112, 114, 116, 117, 118, 120, 122, 124, 126, 129, 131, 135, 136, 140, 142, 143, 154, 164], "excluded_lines": [], "start_line": 1}}}, "custom_components/dreo/climate.py": {"executed_lines": [7, 9, 10, 11, 12, 13, 15, 20, 23, 27, 29, 30, 31, 34, 35, 42, 45], "summary": {"covered_lines": 17, "num_statements": 25, "percent_covered": 68.0, "percent_covered_display": "68", "missing_lines": 8, "excluded_lines": 0, "percent_statements_covered": 68.0, "percent_statements_covered_display": "68"}, "missing_lines": [36, 40, 51, 52, 54, 56, 58, 62], "excluded_lines": [], "functions": {"get_entries": {"executed_lines": [27, 29, 30, 31, 34, 35, 42], "summary": {"covered_lines": 7, "num_statements": 9, "percent_covered": 77.77777777777777, "percent_covered_display": "78", "missing_lines": 2, "excluded_lines": 0, "percent_statements_covered": 77.77777777777777, "percent_statements_covered_display": "78"}, "missing_lines": [36, 40], "excluded_lines": [], "start_line": 23}, "async_setup_entry": {"executed_lines": [], "summary": {"covered_lines": 0, "num_statements": 6, "percent_covered": 0.0, "percent_covered_display": "0", "missing_lines": 6, "excluded_lines": 0, "percent_statements_covered": 0.0, "percent_statements_covered_display": "0"}, "missing_lines": [51, 52, 54, 56, 58, 62], "excluded_lines": [], "start_line": 45}, "": {"executed_lines": [7, 9, 10, 11, 12, 13, 15, 20, 23, 45], "summary": {"covered_lines": 10, "num_statements": 10, "percent_covered": 100.0, "percent_covered_display": "100", "missing_lines": 0, "excluded_lines": 0, "percent_statements_covered": 100.0, "percent_statements_covered_display": "100"}, "missing_lines": [], "excluded_lines": [], "start_line": 1}}, "classes": {"": {"executed_lines": [7, 9, 10, 11, 12, 13, 15, 20, 23, 27, 29, 30, 31, 34, 35, 42, 45], "summary": {"covered_lines": 17, "num_statements": 25, "percent_covered": 68.0, "percent_covered_display": "68", "missing_lines": 8, "excluded_lines": 0, "percent_statements_covered": 68.0, "percent_statements_covered_display": "68"}, "missing_lines": [36, 40, 51, 52, 54, 56, 58, 62], "excluded_lines": [], "start_line": 1}}}, "custom_components/dreo/config_flow.py": {"executed_lines": [], "summary": {"covered_lines": 0, "num_statements": 43, "percent_covered": 0.0, "percent_covered_display": "0", "missing_lines": 43, "excluded_lines": 0, "percent_statements_covered": 0.0, "percent_statements_covered_display": "0"}, "missing_lines": [2, 3, 4, 5, 7, 8, 12, 14, 16, 22, 31, 34, 35, 36, 37, 39, 46, 51, 53, 55, 56, 57, 58, 59, 61, 62, 64, 70, 72, 73, 75, 76, 78, 79, 81, 82, 83, 84, 86, 91, 92, 93, 100], "excluded_lines": [], "functions": {"OptionsFlowHandler.async_step_init": {"executed_lines": [], "summary": {"covered_lines": 0, "num_statements": 5, "percent_covered": 0.0, "percent_covered_display": "0", "missing_lines": 5, "excluded_lines": 0, "percent_statements_covered": 0.0, "percent_statements_covered_display": "0"}, "missing_lines": [34, 35, 36, 37, 39], "excluded_lines": [], "start_line": 31}, "DreoFlowHandler.__init__": {"executed_lines": [], "summary": {"covered_lines": 0, "num_statements": 5, "percent_covered": 0.0, "percent_covered_display": "0", "missing_lines": 5, "excluded_lines": 0, "percent_statements_covered": 0.0, "percent_statements_covered_display": "0"}, "missing_lines": [55, 56, 57, 58, 59], "excluded_lines": [], "start_line": 53}, "DreoFlowHandler._show_form": {"executed_lines": [], "summary": {"covered_lines": 0, "num_statements": 1, "percent_covered": 0.0, "percent_covered_display": "0", "missing_lines": 1, "excluded_lines": 0, "percent_statements_covered": 0.0, "percent_statements_covered_display": "0"}, "missing_lines": [64], "excluded_lines": [], "start_line": 62}, "DreoFlowHandler.async_step_user": {"executed_lines": [], "summary": {"covered_lines": 0, "num_statements": 11, "percent_covered": 0.0, "percent_covered_display": "0", "missing_lines": 11, "excluded_lines": 0, "percent_statements_covered": 0.0, "percent_statements_covered_display": "0"}, "missing_lines": [72, 73, 75, 76, 78, 79, 81, 82, 83, 84, 86], "excluded_lines": [], "start_line": 70}, "DreoFlowHandler.async_get_options_flow": {"executed_lines": [], "summary": {"covered_lines": 0, "num_statements": 1, "percent_covered": 0.0, "percent_covered_display": "0", "missing_lines": 1, "excluded_lines": 0, "percent_statements_covered": 0.0, "percent_statements_covered_display": "0"}, "missing_lines": [100], "excluded_lines": [], "start_line": 93}, "": {"executed_lines": [], "summary": {"covered_lines": 0, "num_statements": 20, "percent_covered": 0.0, "percent_covered_display": "0", "missing_lines": 20, "excluded_lines": 0, "percent_statements_covered": 0.0, "percent_statements_covered_display": "0"}, "missing_lines": [2, 3, 4, 5, 7, 8, 12, 14, 16, 22, 31, 46, 51, 53, 61, 62, 70, 91, 92, 93], "excluded_lines": [], "start_line": 1}}, "classes": {"OptionsFlowHandler": {"executed_lines": [], "summary": {"covered_lines": 0, "num_statements": 5, "percent_covered": 0.0, "percent_covered_display": "0", "missing_lines": 5, "excluded_lines": 0, "percent_statements_covered": 0.0, "percent_statements_covered_display": "0"}, "missing_lines": [34, 35, 36, 37, 39], "excluded_lines": [], "start_line": 22}, "DreoFlowHandler": {"executed_lines": [], "summary": {"covered_lines": 0, "num_statements": 18, "percent_covered": 0.0, "percent_covered_display": "0", "missing_lines": 18, "excluded_lines": 0, "percent_statements_covered": 0.0, "percent_statements_covered_display": "0"}, "missing_lines": [55, 56, 57, 58, 59, 64, 72, 73, 75, 76, 78, 79, 81, 82, 83, 84, 86, 100], "excluded_lines": [], "start_line": 46}, "": {"executed_lines": [], "summary": {"covered_lines": 0, "num_statements": 20, "percent_covered": 0.0, "percent_covered_display": "0", "missing_lines": 20, "excluded_lines": 0, "percent_statements_covered": 0.0, "percent_statements_covered_display": "0"}, "missing_lines": [2, 3, 4, 5, 7, 8, 12, 14, 16, 22, 31, 46, 51, 53, 61, 62, 70, 91, 92, 93], "excluded_lines": [], "start_line": 1}}}, "custom_components/dreo/const.py": {"executed_lines": [3, 4, 5, 6, 7, 9, 11], "summary": {"covered_lines": 7, "num_statements": 7, "percent_covered": 100.0, "percent_covered_display": "100", "missing_lines": 0, "excluded_lines": 0, "percent_statements_covered": 100.0, "percent_statements_covered_display": "100"}, "missing_lines": [], "excluded_lines": [], "functions": {"": {"executed_lines": [3, 4, 5, 6, 7, 9, 11], "summary": {"covered_lines": 7, "num_statements": 7, "percent_covered": 100.0, "percent_covered_display": "100", "missing_lines": 0, "excluded_lines": 0, "percent_statements_covered": 100.0, "percent_statements_covered_display": "100"}, "missing_lines": [], "excluded_lines": [], "start_line": 1}}, "classes": {"": {"executed_lines": [3, 4, 5, 6, 7, 9, 11], "summary": {"covered_lines": 7, "num_statements": 7, "percent_covered": 100.0, "percent_covered_display": "100", "missing_lines": 0, "excluded_lines": 0, "percent_statements_covered": 100.0, "percent_statements_covered_display": "100"}, "missing_lines": [], "excluded_lines": [], "start_line": 1}}}, "custom_components/dreo/const_debug_test_mode.py": {"executed_lines": [1, 5, 6], "summary": {"covered_lines": 3, "num_statements": 3, "percent_covered": 100.0, "percent_covered_display": "100", "missing_lines": 0, "excluded_lines": 0, "percent_statements_covered": 100.0, "percent_statements_covered_display": "100"}, "missing_lines": [], "excluded_lines": [], "functions": {"": {"executed_lines": [1, 5, 6], "summary": {"covered_lines": 3, "num_statements": 3, "percent_covered": 100.0, "percent_covered_display": "100", "missing_lines": 0, "excluded_lines": 0, "percent_statements_covered": 100.0, "percent_statements_covered_display": "100"}, "missing_lines": [], "excluded_lines": [], "start_line": 1}}, "classes": {"": {"executed_lines": [1, 5, 6], "summary": {"covered_lines": 3, "num_statements": 3, "percent_covered": 100.0, "percent_covered_display": "100", "missing_lines": 0, "excluded_lines": 0, "percent_statements_covered": 100.0, "percent_statements_covered_display": "100"}, "missing_lines": [], "excluded_lines": [], "start_line": 1}}}, "custom_components/dreo/debug_test_mode.py": {"executed_lines": [2, 3, 4, 5, 7, 12, 15, 18, 20, 21, 22, 25, 26, 29, 30, 32, 33, 37, 38, 39, 41, 45, 49, 53, 57, 58, 61, 62, 67, 68, 72, 73, 75, 78, 80, 81, 82, 84, 85, 87, 88, 89, 93, 95, 98, 100, 101, 102, 103, 104, 105, 111], "summary": {"covered_lines": 52, "num_statements": 71, "percent_covered": 73.2394366197183, "percent_covered_display": "73", "missing_lines": 19, "excluded_lines": 0, "percent_statements_covered": 73.2394366197183, "percent_statements_covered_display": "73"}, "missing_lines": [23, 24, 34, 35, 42, 43, 46, 47, 50, 51, 54, 55, 63, 64, 91, 106, 107, 108, 109], "excluded_lines": [], "functions": {"get_debug_test_mode_payload": {"executed_lines": [18, 20, 21, 22, 25, 26, 29, 30, 32, 33, 37, 38, 39, 41, 45, 49, 53, 57, 58, 61, 62, 67, 68, 72, 73, 75, 78, 80, 81, 82, 84, 85, 87, 88, 89, 93], "summary": {"covered_lines": 36, "num_statements": 51, "percent_covered": 70.58823529411765, "percent_covered_display": "71", "missing_lines": 15, "excluded_lines": 0, "percent_statements_covered": 70.58823529411765, "percent_statements_covered_display": "71"}, "missing_lines": [23, 24, 34, 35, 42, 43, 46, 47, 50, 51, 54, 55, 63, 64, 91], "excluded_lines": [], "start_line": 15}, "load_test_file": {"executed_lines": [98, 100, 101, 102, 103, 104, 105, 111], "summary": {"covered_lines": 8, "num_statements": 12, "percent_covered": 66.66666666666667, "percent_covered_display": "67", "missing_lines": 4, "excluded_lines": 0, "percent_statements_covered": 66.66666666666667, "percent_statements_covered_display": "67"}, "missing_lines": [106, 107, 108, 109], "excluded_lines": [], "start_line": 95}, "": {"executed_lines": [2, 3, 4, 5, 7, 12, 15, 95], "summary": {"covered_lines": 8, "num_statements": 8, "percent_covered": 100.0, "percent_covered_display": "100", "missing_lines": 0, "excluded_lines": 0, "percent_statements_covered": 100.0, "percent_statements_covered_display": "100"}, "missing_lines": [], "excluded_lines": [], "start_line": 1}}, "classes": {"": {"executed_lines": [2, 3, 4, 5, 7, 12, 15, 18, 20, 21, 22, 25, 26, 29, 30, 32, 33, 37, 38, 39, 41, 45, 49, 53, 57, 58, 61, 62, 67, 68, 72, 73, 75, 78, 80, 81, 82, 84, 85, 87, 88, 89, 93, 95, 98, 100, 101, 102, 103, 104, 105, 111], "summary": {"covered_lines": 52, "num_statements": 71, "percent_covered": 73.2394366197183, "percent_covered_display": "73", "missing_lines": 19, "excluded_lines": 0, "percent_statements_covered": 73.2394366197183, "percent_statements_covered_display": "73"}, "missing_lines": [23, 24, 34, 35, 42, 43, 46, 47, 50, 51, 54, 55, 63, 64, 91, 106, 107, 108, 109], "excluded_lines": [], "start_line": 1}}}, "custom_components/dreo/diagnostics.py": {"executed_lines": [6, 8, 10, 12, 13, 14, 19, 33, 36, 44, 45, 53, 55, 58, 60, 61, 62, 63, 64, 65, 66, 67, 68, 70, 72, 74, 76], "summary": {"covered_lines": 27, "num_statements": 29, "percent_covered": 93.10344827586206, "percent_covered_display": "93", "missing_lines": 2, "excluded_lines": 0, "percent_statements_covered": 93.10344827586206, "percent_statements_covered_display": "93"}, "missing_lines": [40, 42], "excluded_lines": [], "functions": {"async_get_config_entry_diagnostics": {"executed_lines": [], "summary": {"covered_lines": 0, "num_statements": 2, "percent_covered": 0.0, "percent_covered_display": "0", "missing_lines": 2, "excluded_lines": 0, "percent_statements_covered": 0.0, "percent_statements_covered_display": "0"}, "missing_lines": [40, 42], "excluded_lines": [], "start_line": 36}, "_get_diagnostics": {"executed_lines": [45, 53], "summary": {"covered_lines": 2, "num_statements": 2, "percent_covered": 100.0, "percent_covered_display": "100", "missing_lines": 0, "excluded_lines": 0, "percent_statements_covered": 100.0, "percent_statements_covered_display": "100"}, "missing_lines": [], "excluded_lines": [], "start_line": 44}, "_redact_values": {"executed_lines": [58, 60, 61, 62, 63, 64, 65, 66, 67, 68, 70, 72, 74, 76], "summary": {"covered_lines": 14, "num_statements": 14, "percent_covered": 100.0, "percent_covered_display": "100", "missing_lines": 0, "excluded_lines": 0, "percent_statements_covered": 100.0, "percent_statements_covered_display": "100"}, "missing_lines": [], "excluded_lines": [], "start_line": 55}, "": {"executed_lines": [6, 8, 10, 12, 13, 14, 19, 33, 36, 44, 55], "summary": {"covered_lines": 11, "num_statements": 11, "percent_covered": 100.0, "percent_covered_display": "100", "missing_lines": 0, "excluded_lines": 0, "percent_statements_covered": 100.0, "percent_statements_covered_display": "100"}, "missing_lines": [], "excluded_lines": [], "start_line": 1}}, "classes": {"": {"executed_lines": [6, 8, 10, 12, 13, 14, 19, 33, 36, 44, 45, 53, 55, 58, 60, 61, 62, 63, 64, 65, 66, 67, 68, 70, 72, 74, 76], "summary": {"covered_lines": 27, "num_statements": 29, "percent_covered": 93.10344827586206, "percent_covered_display": "93", "missing_lines": 2, "excluded_lines": 0, "percent_statements_covered": 93.10344827586206, "percent_statements_covered_display": "93"}, "missing_lines": [40, 42], "excluded_lines": [], "start_line": 1}}}, "custom_components/dreo/dreoairconditioner.py": {"executed_lines": [8, 9, 11, 12, 14, 25, 30, 34, 49, 59, 65, 74, 82, 89, 92, 94, 95, 96, 97, 98, 99, 100, 101, 102, 103, 104, 105, 107, 108, 109, 110, 120, 121, 122, 123, 124, 125, 128, 131, 134, 137, 140, 143, 144, 149, 150, 152, 165, 173, 174, 176, 183, 184, 186, 187, 189, 191, 193, 194, 195, 196, 197, 199, 202, 203, 205, 207, 208, 210, 212, 213, 217, 218, 220, 222, 223, 226, 227, 228, 230, 232, 234, 237, 240, 242, 243, 244, 246, 251, 252, 254, 258, 259, 261, 262, 263, 264, 265, 266, 267, 268, 269, 270, 271, 272, 273, 274, 276, 278, 280, 282, 283, 285, 286, 287, 289, 291, 292, 293, 295, 296, 298, 299, 301, 302, 307, 312, 318, 319, 320, 322, 323, 324, 326, 327, 328, 330, 332, 333, 337, 338, 340, 341, 342, 344, 345, 352, 353, 360, 361, 362, 364, 365, 366, 368, 370, 371, 372, 373, 375, 376, 377, 379, 380, 381, 383, 384, 385, 387, 388, 390, 391, 395, 397, 398, 402, 404, 405, 407, 408, 409, 412, 413, 414, 415, 417, 419, 420, 424, 425, 426, 427, 429, 430, 432, 434, 436, 437], "summary": {"covered_lines": 198, "num_statements": 223, "percent_covered": 88.78923766816143, "percent_covered_display": "89", "missing_lines": 25, "excluded_lines": 0, "percent_statements_covered": 88.78923766816143, "percent_statements_covered_display": "89"}, "missing_lines": [146, 167, 170, 171, 215, 245, 248, 304, 305, 309, 310, 314, 315, 346, 347, 349, 350, 354, 355, 357, 358, 400, 422, 442, 443], "excluded_lines": [], "functions": {"DreoAirConditionerHA.__init__": {"executed_lines": [108, 109, 110, 120, 121, 122, 123, 124, 125, 128, 131, 134, 137, 140, 143, 144, 149, 150, 152], "summary": {"covered_lines": 19, "num_statements": 20, "percent_covered": 95.0, "percent_covered_display": "95", "missing_lines": 1, "excluded_lines": 0, "percent_statements_covered": 95.0, "percent_statements_covered_display": "95"}, "missing_lines": [146], "excluded_lines": [], "start_line": 107}, "DreoAirConditionerHA.async_added_to_hass": {"executed_lines": [], "summary": {"covered_lines": 0, "num_statements": 3, "percent_covered": 0.0, "percent_covered_display": "0", "missing_lines": 3, "excluded_lines": 0, "percent_statements_covered": 0.0, "percent_statements_covered_display": "0"}, "missing_lines": [167, 170, 171], "excluded_lines": [], "start_line": 165}, "DreoAirConditionerHA.device_info": {"executed_lines": [176], "summary": {"covered_lines": 1, "num_statements": 1, "percent_covered": 100.0, "percent_covered_display": "100", "missing_lines": 0, "excluded_lines": 0, "percent_statements_covered": 100.0, "percent_statements_covered_display": "100"}, "missing_lines": [], "excluded_lines": [], "start_line": 174}, "DreoAirConditionerHA.fan_mode": {"executed_lines": [186, 187, 189], "summary": {"covered_lines": 3, "num_statements": 3, "percent_covered": 100.0, "percent_covered_display": "100", "missing_lines": 0, "excluded_lines": 0, "percent_statements_covered": 100.0, "percent_statements_covered_display": "100"}, "missing_lines": [], "excluded_lines": [], "start_line": 184}, "DreoAirConditionerHA.set_fan_mode": {"executed_lines": [193, 194, 195, 196, 197, 199], "summary": {"covered_lines": 6, "num_statements": 6, "percent_covered": 100.0, "percent_covered_display": "100", "missing_lines": 0, "excluded_lines": 0, "percent_statements_covered": 100.0, "percent_statements_covered_display": "100"}, "missing_lines": [], "excluded_lines": [], "start_line": 191}, "DreoAirConditionerHA.is_on": {"executed_lines": [205], "summary": {"covered_lines": 1, "num_statements": 1, "percent_covered": 100.0, "percent_covered_display": "100", "missing_lines": 0, "excluded_lines": 0, "percent_statements_covered": 100.0, "percent_statements_covered_display": "100"}, "missing_lines": [], "excluded_lines": [], "start_line": 203}, "DreoAirConditionerHA.oscon": {"executed_lines": [298, 299], "summary": {"covered_lines": 2, "num_statements": 2, "percent_covered": 100.0, "percent_covered_display": "100", "missing_lines": 0, "excluded_lines": 0, "percent_statements_covered": 100.0, "percent_statements_covered_display": "100"}, "missing_lines": [], "excluded_lines": [], "start_line": 296}, "DreoAirConditionerHA.oscangle": {"executed_lines": [], "summary": {"covered_lines": 0, "num_statements": 2, "percent_covered": 0.0, "percent_covered_display": "0", "missing_lines": 2, "excluded_lines": 0, "percent_statements_covered": 0.0, "percent_statements_covered_display": "0"}, "missing_lines": [304, 305], "excluded_lines": [], "start_line": 302}, "DreoAirConditionerHA.preset_modes": {"executed_lines": [220], "summary": {"covered_lines": 1, "num_statements": 1, "percent_covered": 100.0, "percent_covered_display": "100", "missing_lines": 0, "excluded_lines": 0, "percent_statements_covered": 100.0, "percent_statements_covered_display": "100"}, "missing_lines": [], "excluded_lines": [], "start_line": 218}, "DreoAirConditionerHA.preset_mode": {"executed_lines": [226, 227, 228, 230], "summary": {"covered_lines": 4, "num_statements": 4, "percent_covered": 100.0, "percent_covered_display": "100", "missing_lines": 0, "excluded_lines": 0, "percent_statements_covered": 100.0, "percent_statements_covered_display": "100"}, "missing_lines": [], "excluded_lines": [], "start_line": 223}, "DreoAirConditionerHA.set_preset_mode": {"executed_lines": [234, 237, 240, 242, 243, 244, 246], "summary": {"covered_lines": 7, "num_statements": 9, "percent_covered": 77.77777777777777, "percent_covered_display": "78", "missing_lines": 2, "excluded_lines": 0, "percent_statements_covered": 77.77777777777777, "percent_statements_covered_display": "78"}, "missing_lines": [245, 248], "excluded_lines": [], "start_line": 232}, "DreoAirConditionerHA.extra_state_attributes": {"executed_lines": [254], "summary": {"covered_lines": 1, "num_statements": 1, "percent_covered": 100.0, "percent_covered_display": "100", "missing_lines": 0, "excluded_lines": 0, "percent_statements_covered": 100.0, "percent_statements_covered_display": "100"}, "missing_lines": [], "excluded_lines": [], "start_line": 252}, "DreoAirConditionerHA.supported_features": {"executed_lines": [261, 262, 263, 264, 265, 266, 267, 268, 269, 270, 271, 272, 273, 274, 276, 278], "summary": {"covered_lines": 16, "num_statements": 16, "percent_covered": 100.0, "percent_covered_display": "100", "missing_lines": 0, "excluded_lines": 0, "percent_statements_covered": 100.0, "percent_statements_covered_display": "100"}, "missing_lines": [], "excluded_lines": [], "start_line": 259}, "DreoAirConditionerHA.turn_on": {"executed_lines": [282, 283, 285, 286, 287], "summary": {"covered_lines": 5, "num_statements": 5, "percent_covered": 100.0, "percent_covered_display": "100", "missing_lines": 0, "excluded_lines": 0, "percent_statements_covered": 100.0, "percent_statements_covered_display": "100"}, "missing_lines": [], "excluded_lines": [], "start_line": 280}, "DreoAirConditionerHA.turn_off": {"executed_lines": [291, 292, 293], "summary": {"covered_lines": 3, "num_statements": 3, "percent_covered": 100.0, "percent_covered_display": "100", "missing_lines": 0, "excluded_lines": 0, "percent_statements_covered": 100.0, "percent_statements_covered_display": "100"}, "missing_lines": [], "excluded_lines": [], "start_line": 289}, "DreoAirConditionerHA.panel_sound": {"executed_lines": [], "summary": {"covered_lines": 0, "num_statements": 2, "percent_covered": 0.0, "percent_covered_display": "0", "missing_lines": 2, "excluded_lines": 0, "percent_statements_covered": 0.0, "percent_statements_covered_display": "0"}, "missing_lines": [309, 310], "excluded_lines": [], "start_line": 307}, "DreoAirConditionerHA.muteon": {"executed_lines": [], "summary": {"covered_lines": 0, "num_statements": 2, "percent_covered": 0.0, "percent_covered_display": "0", "missing_lines": 2, "excluded_lines": 0, "percent_statements_covered": 0.0, "percent_statements_covered_display": "0"}, "missing_lines": [314, 315], "excluded_lines": [], "start_line": 312}, "DreoAirConditionerHA.current_temperature": {"executed_lines": [320], "summary": {"covered_lines": 1, "num_statements": 1, "percent_covered": 100.0, "percent_covered_display": "100", "missing_lines": 0, "excluded_lines": 0, "percent_statements_covered": 100.0, "percent_statements_covered_display": "100"}, "missing_lines": [], "excluded_lines": [], "start_line": 319}, "DreoAirConditionerHA.min_temp": {"executed_lines": [324], "summary": {"covered_lines": 1, "num_statements": 1, "percent_covered": 100.0, "percent_covered_display": "100", "missing_lines": 0, "excluded_lines": 0, "percent_statements_covered": 100.0, "percent_statements_covered_display": "100"}, "missing_lines": [], "excluded_lines": [], "start_line": 323}, "DreoAirConditionerHA.max_temp": {"executed_lines": [328], "summary": {"covered_lines": 1, "num_statements": 1, "percent_covered": 100.0, "percent_covered_display": "100", "missing_lines": 0, "excluded_lines": 0, "percent_statements_covered": 100.0, "percent_statements_covered_display": "100"}, "missing_lines": [], "excluded_lines": [], "start_line": 327}, "DreoAirConditionerHA.set_temperature": {"executed_lines": [332, 333, 337, 338], "summary": {"covered_lines": 4, "num_statements": 4, "percent_covered": 100.0, "percent_covered_display": "100", "missing_lines": 0, "excluded_lines": 0, "percent_statements_covered": 100.0, "percent_statements_covered_display": "100"}, "missing_lines": [], "excluded_lines": [], "start_line": 330}, "DreoAirConditionerHA.target_temperature": {"executed_lines": [342], "summary": {"covered_lines": 1, "num_statements": 1, "percent_covered": 100.0, "percent_covered_display": "100", "missing_lines": 0, "excluded_lines": 0, "percent_statements_covered": 100.0, "percent_statements_covered_display": "100"}, "missing_lines": [], "excluded_lines": [], "start_line": 341}, "DreoAirConditionerHA.target_temperature_low": {"executed_lines": [], "summary": {"covered_lines": 0, "num_statements": 4, "percent_covered": 0.0, "percent_covered_display": "0", "missing_lines": 4, "excluded_lines": 0, "percent_statements_covered": 0.0, "percent_statements_covered_display": "0"}, "missing_lines": [346, 347, 349, 350], "excluded_lines": [], "start_line": 345}, "DreoAirConditionerHA.target_temperature_high": {"executed_lines": [], "summary": {"covered_lines": 0, "num_statements": 4, "percent_covered": 0.0, "percent_covered_display": "0", "missing_lines": 4, "excluded_lines": 0, "percent_statements_covered": 0.0, "percent_statements_covered_display": "0"}, "missing_lines": [354, 355, 357, 358], "excluded_lines": [], "start_line": 353}, "DreoAirConditionerHA.target_temperature_step": {"executed_lines": [362], "summary": {"covered_lines": 1, "num_statements": 1, "percent_covered": 100.0, "percent_covered_display": "100", "missing_lines": 0, "excluded_lines": 0, "percent_statements_covered": 100.0, "percent_statements_covered_display": "100"}, "missing_lines": [], "excluded_lines": [], "start_line": 361}, "DreoAirConditionerHA.current_humidity": {"executed_lines": [366], "summary": {"covered_lines": 1, "num_statements": 1, "percent_covered": 100.0, "percent_covered_display": "100", "missing_lines": 0, "excluded_lines": 0, "percent_statements_covered": 100.0, "percent_statements_covered_display": "100"}, "missing_lines": [], "excluded_lines": [], "start_line": 365}, "DreoAirConditionerHA.set_humidity": {"executed_lines": [370, 371, 372, 373], "summary": {"covered_lines": 4, "num_statements": 4, "percent_covered": 100.0, "percent_covered_display": "100", "missing_lines": 0, "excluded_lines": 0, "percent_statements_covered": 100.0, "percent_statements_covered_display": "100"}, "missing_lines": [], "excluded_lines": [], "start_line": 368}, "DreoAirConditionerHA.target_humidity": {"executed_lines": [377], "summary": {"covered_lines": 1, "num_statements": 1, "percent_covered": 100.0, "percent_covered_display": "100", "missing_lines": 0, "excluded_lines": 0, "percent_statements_covered": 100.0, "percent_statements_covered_display": "100"}, "missing_lines": [], "excluded_lines": [], "start_line": 376}, "DreoAirConditionerHA.min_humidity": {"executed_lines": [381], "summary": {"covered_lines": 1, "num_statements": 1, "percent_covered": 100.0, "percent_covered_display": "100", "missing_lines": 0, "excluded_lines": 0, "percent_statements_covered": 100.0, "percent_statements_covered_display": "100"}, "missing_lines": [], "excluded_lines": [], "start_line": 380}, "DreoAirConditionerHA.max_humidity": {"executed_lines": [385], "summary": {"covered_lines": 1, "num_statements": 1, "percent_covered": 100.0, "percent_covered_display": "100", "missing_lines": 0, "excluded_lines": 0, "percent_statements_covered": 100.0, "percent_statements_covered_display": "100"}, "missing_lines": [], "excluded_lines": [], "start_line": 384}, "DreoAirConditionerHA.hvac_mode": {"executed_lines": [390, 391, 395], "summary": {"covered_lines": 3, "num_statements": 3, "percent_covered": 100.0, "percent_covered_display": "100", "missing_lines": 0, "excluded_lines": 0, "percent_statements_covered": 100.0, "percent_statements_covered_display": "100"}, "missing_lines": [], "excluded_lines": [], "start_line": 388}, "DreoAirConditionerHA.hvac_modes": {"executed_lines": [], "summary": {"covered_lines": 0, "num_statements": 1, "percent_covered": 0.0, "percent_covered_display": "0", "missing_lines": 1, "excluded_lines": 0, "percent_statements_covered": 0.0, "percent_statements_covered_display": "0"}, "missing_lines": [400], "excluded_lines": [], "start_line": 398}, "DreoAirConditionerHA.set_hvac_mode": {"executed_lines": [404, 405, 407, 408, 409, 412, 413, 414, 415, 417], "summary": {"covered_lines": 10, "num_statements": 10, "percent_covered": 100.0, "percent_covered_display": "100", "missing_lines": 0, "excluded_lines": 0, "percent_statements_covered": 100.0, "percent_statements_covered_display": "100"}, "missing_lines": [], "excluded_lines": [], "start_line": 402}, "DreoAirConditionerHA.swing_modes": {"executed_lines": [], "summary": {"covered_lines": 0, "num_statements": 1, "percent_covered": 0.0, "percent_covered_display": "0", "missing_lines": 1, "excluded_lines": 0, "percent_statements_covered": 0.0, "percent_statements_covered_display": "0"}, "missing_lines": [422], "excluded_lines": [], "start_line": 420}, "DreoAirConditionerHA.swing_mode": {"executed_lines": [426, 427, 429, 430], "summary": {"covered_lines": 4, "num_statements": 4, "percent_covered": 100.0, "percent_covered_display": "100", "missing_lines": 0, "excluded_lines": 0, "percent_statements_covered": 100.0, "percent_statements_covered_display": "100"}, "missing_lines": [], "excluded_lines": [], "start_line": 425}, "DreoAirConditionerHA.set_swing_mode": {"executed_lines": [434, 436, 437], "summary": {"covered_lines": 3, "num_statements": 5, "percent_covered": 60.0, "percent_covered_display": "60", "missing_lines": 2, "excluded_lines": 0, "percent_statements_covered": 60.0, "percent_statements_covered_display": "60"}, "missing_lines": [442, 443], "excluded_lines": [], "start_line": 432}, "": {"executed_lines": [8, 9, 11, 12, 14, 25, 30, 34, 49, 59, 65, 74, 82, 89, 92, 94, 95, 96, 97, 98, 99, 100, 101, 102, 103, 104, 105, 107, 165, 173, 174, 183, 184, 191, 202, 203, 207, 208, 212, 213, 217, 218, 222, 223, 232, 251, 252, 258, 259, 280, 289, 295, 296, 301, 302, 307, 312, 318, 319, 322, 323, 326, 327, 330, 340, 341, 344, 345, 352, 353, 360, 361, 364, 365, 368, 375, 376, 379, 380, 383, 384, 387, 388, 397, 398, 402, 419, 420, 424, 425, 432], "summary": {"covered_lines": 91, "num_statements": 91, "percent_covered": 100.0, "percent_covered_display": "100", "missing_lines": 0, "excluded_lines": 0, "percent_statements_covered": 100.0, "percent_statements_covered_display": "100"}, "missing_lines": [], "excluded_lines": [], "start_line": 1}}, "classes": {"DreoAirConditionerHA": {"executed_lines": [108, 109, 110, 120, 121, 122, 123, 124, 125, 128, 131, 134, 137, 140, 143, 144, 149, 150, 152, 176, 186, 187, 189, 193, 194, 195, 196, 197, 199, 205, 210, 220, 226, 227, 228, 230, 234, 237, 240, 242, 243, 244, 246, 254, 261, 262, 263, 264, 265, 266, 267, 268, 269, 270, 271, 272, 273, 274, 276, 278, 282, 283, 285, 286, 287, 291, 292, 293, 298, 299, 320, 324, 328, 332, 333, 337, 338, 342, 362, 366, 370, 371, 372, 373, 377, 381, 385, 390, 391, 395, 404, 405, 407, 408, 409, 412, 413, 414, 415, 417, 426, 427, 429, 430, 434, 436, 437], "summary": {"covered_lines": 107, "num_statements": 132, "percent_covered": 81.06060606060606, "percent_covered_display": "81", "missing_lines": 25, "excluded_lines": 0, "percent_statements_covered": 81.06060606060606, "percent_statements_covered_display": "81"}, "missing_lines": [146, 167, 170, 171, 215, 245, 248, 304, 305, 309, 310, 314, 315, 346, 347, 349, 350, 354, 355, 357, 358, 400, 422, 442, 443], "excluded_lines": [], "start_line": 92}, "": {"executed_lines": [8, 9, 11, 12, 14, 25, 30, 34, 49, 59, 65, 74, 82, 89, 92, 94, 95, 96, 97, 98, 99, 100, 101, 102, 103, 104, 105, 107, 165, 173, 174, 183, 184, 191, 202, 203, 207, 208, 212, 213, 217, 218, 222, 223, 232, 251, 252, 258, 259, 280, 289, 295, 296, 301, 302, 307, 312, 318, 319, 322, 323, 326, 327, 330, 340, 341, 344, 345, 352, 353, 360, 361, 364, 365, 368, 375, 376, 379, 380, 383, 384, 387, 388, 397, 398, 402, 419, 420, 424, 425, 432], "summary": {"covered_lines": 91, "num_statements": 91, "percent_covered": 100.0, "percent_covered_display": "100", "missing_lines": 0, "excluded_lines": 0, "percent_statements_covered": 100.0, "percent_statements_covered_display": "100"}, "missing_lines": [], "excluded_lines": [], "start_line": 1}}}, "custom_components/dreo/dreobasedevice.py": {"executed_lines": [3, 4, 6, 10, 13, 15, 16, 17, 19, 20, 23, 33, 34, 37, 39, 40, 41, 43], "summary": {"covered_lines": 18, "num_statements": 22, "percent_covered": 81.81818181818181, "percent_covered_display": "82", "missing_lines": 4, "excluded_lines": 0, "percent_statements_covered": 81.81818181818181, "percent_statements_covered_display": "82"}, "missing_lines": [49, 50, 52, 54], "excluded_lines": [], "functions": {"DreoBaseDeviceHA.__init__": {"executed_lines": [15, 16, 17], "summary": {"covered_lines": 3, "num_statements": 3, "percent_covered": 100.0, "percent_covered_display": "100", "missing_lines": 0, "excluded_lines": 0, "percent_statements_covered": 100.0, "percent_statements_covered_display": "100"}, "missing_lines": [], "excluded_lines": [], "start_line": 13}, "DreoBaseDeviceHA.device_info": {"executed_lines": [23], "summary": {"covered_lines": 1, "num_statements": 1, "percent_covered": 100.0, "percent_covered_display": "100", "missing_lines": 0, "excluded_lines": 0, "percent_statements_covered": 100.0, "percent_statements_covered_display": "100"}, "missing_lines": [], "excluded_lines": [], "start_line": 20}, "DreoBaseDeviceHA.available": {"executed_lines": [37], "summary": {"covered_lines": 1, "num_statements": 1, "percent_covered": 100.0, "percent_covered_display": "100", "missing_lines": 0, "excluded_lines": 0, "percent_statements_covered": 100.0, "percent_statements_covered_display": "100"}, "missing_lines": [], "excluded_lines": [], "start_line": 34}, "DreoBaseDeviceHA.should_poll": {"executed_lines": [41], "summary": {"covered_lines": 1, "num_statements": 1, "percent_covered": 100.0, "percent_covered_display": "100", "missing_lines": 0, "excluded_lines": 0, "percent_statements_covered": 100.0, "percent_statements_covered_display": "100"}, "missing_lines": [], "excluded_lines": [], "start_line": 40}, "DreoBaseDeviceHA.async_added_to_hass": {"executed_lines": [], "summary": {"covered_lines": 0, "num_statements": 3, "percent_covered": 0.0, "percent_covered_display": "0", "missing_lines": 3, "excluded_lines": 0, "percent_statements_covered": 0.0, "percent_statements_covered_display": "0"}, "missing_lines": [49, 50, 54], "excluded_lines": [], "start_line": 43}, "DreoBaseDeviceHA.async_added_to_hass.update_state": {"executed_lines": [], "summary": {"covered_lines": 0, "num_statements": 1, "percent_covered": 0.0, "percent_covered_display": "0", "missing_lines": 1, "excluded_lines": 0, "percent_statements_covered": 0.0, "percent_statements_covered_display": "0"}, "missing_lines": [52], "excluded_lines": [], "start_line": 50}, "": {"executed_lines": [3, 4, 6, 10, 13, 19, 20, 33, 34, 39, 40, 43], "summary": {"covered_lines": 12, "num_statements": 12, "percent_covered": 100.0, "percent_covered_display": "100", "missing_lines": 0, "excluded_lines": 0, "percent_statements_covered": 100.0, "percent_statements_covered_display": "100"}, "missing_lines": [], "excluded_lines": [], "start_line": 1}}, "classes": {"DreoBaseDeviceHA": {"executed_lines": [15, 16, 17, 23, 37, 41], "summary": {"covered_lines": 6, "num_statements": 10, "percent_covered": 60.0, "percent_covered_display": "60", "missing_lines": 4, "excluded_lines": 0, "percent_statements_covered": 60.0, "percent_statements_covered_display": "60"}, "missing_lines": [49, 50, 52, 54], "excluded_lines": [], "start_line": 10}, "": {"executed_lines": [3, 4, 6, 10, 13, 19, 20, 33, 34, 39, 40, 43], "summary": {"covered_lines": 12, "num_statements": 12, "percent_covered": 100.0, "percent_covered_display": "100", "missing_lines": 0, "excluded_lines": 0, "percent_statements_covered": 100.0, "percent_statements_covered_display": "100"}, "missing_lines": [], "excluded_lines": [], "start_line": 1}}}, "custom_components/dreo/dreochefmaker.py": {"executed_lines": [2, 4, 5, 7, 9, 11, 13, 15, 20, 22, 23, 24, 26, 27, 29, 31, 36, 37, 39], "summary": {"covered_lines": 19, "num_statements": 21, "percent_covered": 90.47619047619048, "percent_covered_display": "90", "missing_lines": 2, "excluded_lines": 0, "percent_statements_covered": 90.47619047619048, "percent_statements_covered_display": "90"}, "missing_lines": [41, 42], "excluded_lines": [], "functions": {"DreoChefMakerHA.__init__": {"executed_lines": [22, 23, 24], "summary": {"covered_lines": 3, "num_statements": 3, "percent_covered": 100.0, "percent_covered_display": "100", "missing_lines": 0, "excluded_lines": 0, "percent_statements_covered": 100.0, "percent_statements_covered_display": "100"}, "missing_lines": [], "excluded_lines": [], "start_line": 20}, "DreoChefMakerHA.is_on": {"executed_lines": [29], "summary": {"covered_lines": 1, "num_statements": 1, "percent_covered": 100.0, "percent_covered_display": "100", "missing_lines": 0, "excluded_lines": 0, "percent_statements_covered": 100.0, "percent_statements_covered_display": "100"}, "missing_lines": [], "excluded_lines": [], "start_line": 27}, "DreoChefMakerHA.turn_on": {"executed_lines": [36, 37], "summary": {"covered_lines": 2, "num_statements": 2, "percent_covered": 100.0, "percent_covered_display": "100", "missing_lines": 0, "excluded_lines": 0, "percent_statements_covered": 100.0, "percent_statements_covered_display": "100"}, "missing_lines": [], "excluded_lines": [], "start_line": 31}, "DreoChefMakerHA.turn_off": {"executed_lines": [], "summary": {"covered_lines": 0, "num_statements": 2, "percent_covered": 0.0, "percent_covered_display": "0", "missing_lines": 2, "excluded_lines": 0, "percent_statements_covered": 0.0, "percent_statements_covered_display": "0"}, "missing_lines": [41, 42], "excluded_lines": [], "start_line": 39}, "": {"executed_lines": [2, 4, 5, 7, 9, 11, 13, 15, 20, 26, 27, 31, 39], "summary": {"covered_lines": 13, "num_statements": 13, "percent_covered": 100.0, "percent_covered_display": "100", "missing_lines": 0, "excluded_lines": 0, "percent_statements_covered": 100.0, "percent_statements_covered_display": "100"}, "missing_lines": [], "excluded_lines": [], "start_line": 1}}, "classes": {"DreoChefMakerHA": {"executed_lines": [22, 23, 24, 29, 36, 37], "summary": {"covered_lines": 6, "num_statements": 8, "percent_covered": 75.0, "percent_covered_display": "75", "missing_lines": 2, "excluded_lines": 0, "percent_statements_covered": 75.0, "percent_statements_covered_display": "75"}, "missing_lines": [41, 42], "excluded_lines": [], "start_line": 15}, "": {"executed_lines": [2, 4, 5, 7, 9, 11, 13, 15, 20, 26, 27, 31, 39], "summary": {"covered_lines": 13, "num_statements": 13, "percent_covered": 100.0, "percent_covered_display": "100", "missing_lines": 0, "excluded_lines": 0, "percent_statements_covered": 100.0, "percent_statements_covered_display": "100"}, "missing_lines": [], "excluded_lines": [], "start_line": 1}}}, "custom_components/dreo/dreodehumidifier.py": {"executed_lines": [8, 9, 11, 12, 13, 15, 19, 22, 25, 26, 27, 28, 33, 40, 41, 43, 50, 51, 53, 55, 56, 58, 59, 60, 62, 64, 65, 67, 69, 70, 72, 74, 75, 77, 79, 80, 82, 84, 85, 87, 89, 90, 92, 94, 95, 97, 99, 101, 102, 103, 105, 107, 108, 109, 111, 113, 117, 118, 120, 121, 125, 126, 128, 130, 133, 134, 137, 138, 140, 142, 143, 145, 146, 148, 149, 151, 152, 154, 155, 157], "summary": {"covered_lines": 80, "num_statements": 80, "percent_covered": 100.0, "percent_covered_display": "100", "missing_lines": 0, "excluded_lines": 0, "percent_statements_covered": 100.0, "percent_statements_covered_display": "100"}, "missing_lines": [], "excluded_lines": [], "functions": {"DreoDehumidifierHA.__init__": {"executed_lines": [26, 27, 28, 33], "summary": {"covered_lines": 4, "num_statements": 4, "percent_covered": 100.0, "percent_covered_display": "100", "missing_lines": 0, "excluded_lines": 0, "percent_statements_covered": 100.0, "percent_statements_covered_display": "100"}, "missing_lines": [], "excluded_lines": [], "start_line": 25}, "DreoDehumidifierHA.device_info": {"executed_lines": [43], "summary": {"covered_lines": 1, "num_statements": 1, "percent_covered": 100.0, "percent_covered_display": "100", "missing_lines": 0, "excluded_lines": 0, "percent_statements_covered": 100.0, "percent_statements_covered_display": "100"}, "missing_lines": [], "excluded_lines": [], "start_line": 41}, "DreoDehumidifierHA.device_class": {"executed_lines": [53], "summary": {"covered_lines": 1, "num_statements": 1, "percent_covered": 100.0, "percent_covered_display": "100", "missing_lines": 0, "excluded_lines": 0, "percent_statements_covered": 100.0, "percent_statements_covered_display": "100"}, "missing_lines": [], "excluded_lines": [], "start_line": 51}, "DreoDehumidifierHA.supported_features": {"executed_lines": [58, 59, 60, 62], "summary": {"covered_lines": 4, "num_statements": 4, "percent_covered": 100.0, "percent_covered_display": "100", "missing_lines": 0, "excluded_lines": 0, "percent_statements_covered": 100.0, "percent_statements_covered_display": "100"}, "missing_lines": [], "excluded_lines": [], "start_line": 56}, "DreoDehumidifierHA.is_on": {"executed_lines": [67], "summary": {"covered_lines": 1, "num_statements": 1, "percent_covered": 100.0, "percent_covered_display": "100", "missing_lines": 0, "excluded_lines": 0, "percent_statements_covered": 100.0, "percent_statements_covered_display": "100"}, "missing_lines": [], "excluded_lines": [], "start_line": 65}, "DreoDehumidifierHA.mode": {"executed_lines": [72], "summary": {"covered_lines": 1, "num_statements": 1, "percent_covered": 100.0, "percent_covered_display": "100", "missing_lines": 0, "excluded_lines": 0, "percent_statements_covered": 100.0, "percent_statements_covered_display": "100"}, "missing_lines": [], "excluded_lines": [], "start_line": 70}, "DreoDehumidifierHA.available_modes": {"executed_lines": [77], "summary": {"covered_lines": 1, "num_statements": 1, "percent_covered": 100.0, "percent_covered_display": "100", "missing_lines": 0, "excluded_lines": 0, "percent_statements_covered": 100.0, "percent_statements_covered_display": "100"}, "missing_lines": [], "excluded_lines": [], "start_line": 75}, "DreoDehumidifierHA.current_humidity": {"executed_lines": [82], "summary": {"covered_lines": 1, "num_statements": 1, "percent_covered": 100.0, "percent_covered_display": "100", "missing_lines": 0, "excluded_lines": 0, "percent_statements_covered": 100.0, "percent_statements_covered_display": "100"}, "missing_lines": [], "excluded_lines": [], "start_line": 80}, "DreoDehumidifierHA.target_humidity": {"executed_lines": [87], "summary": {"covered_lines": 1, "num_statements": 1, "percent_covered": 100.0, "percent_covered_display": "100", "missing_lines": 0, "excluded_lines": 0, "percent_statements_covered": 100.0, "percent_statements_covered_display": "100"}, "missing_lines": [], "excluded_lines": [], "start_line": 85}, "DreoDehumidifierHA.min_humidity": {"executed_lines": [92], "summary": {"covered_lines": 1, "num_statements": 1, "percent_covered": 100.0, "percent_covered_display": "100", "missing_lines": 0, "excluded_lines": 0, "percent_statements_covered": 100.0, "percent_statements_covered_display": "100"}, "missing_lines": [], "excluded_lines": [], "start_line": 90}, "DreoDehumidifierHA.max_humidity": {"executed_lines": [97], "summary": {"covered_lines": 1, "num_statements": 1, "percent_covered": 100.0, "percent_covered_display": "100", "missing_lines": 0, "excluded_lines": 0, "percent_statements_covered": 100.0, "percent_statements_covered_display": "100"}, "missing_lines": [], "excluded_lines": [], "start_line": 95}, "DreoDehumidifierHA.turn_on": {"executed_lines": [101, 102, 103], "summary": {"covered_lines": 3, "num_statements": 3, "percent_covered": 100.0, "percent_covered_display": "100", "missing_lines": 0, "excluded_lines": 0, "percent_statements_covered": 100.0, "percent_statements_covered_display": "100"}, "missing_lines": [], "excluded_lines": [], "start_line": 99}, "DreoDehumidifierHA.turn_off": {"executed_lines": [107, 108, 109], "summary": {"covered_lines": 3, "num_statements": 3, "percent_covered": 100.0, "percent_covered_display": "100", "missing_lines": 0, "excluded_lines": 0, "percent_statements_covered": 100.0, "percent_statements_covered_display": "100"}, "missing_lines": [], "excluded_lines": [], "start_line": 105}, "DreoDehumidifierHA.set_mode": {"executed_lines": [113, 117, 118, 120, 121, 125, 126], "summary": {"covered_lines": 7, "num_statements": 7, "percent_covered": 100.0, "percent_covered_display": "100", "missing_lines": 0, "excluded_lines": 0, "percent_statements_covered": 100.0, "percent_statements_covered_display": "100"}, "missing_lines": [], "excluded_lines": [], "start_line": 111}, "DreoDehumidifierHA.set_humidity": {"executed_lines": [130, 133, 134], "summary": {"covered_lines": 3, "num_statements": 3, "percent_covered": 100.0, "percent_covered_display": "100", "missing_lines": 0, "excluded_lines": 0, "percent_statements_covered": 100.0, "percent_statements_covered_display": "100"}, "missing_lines": [], "excluded_lines": [], "start_line": 128}, "DreoDehumidifierHA.extra_state_attributes": {"executed_lines": [140, 142, 143, 145, 146, 148, 149, 151, 152, 154, 155, 157], "summary": {"covered_lines": 12, "num_statements": 12, "percent_covered": 100.0, "percent_covered_display": "100", "missing_lines": 0, "excluded_lines": 0, "percent_statements_covered": 100.0, "percent_statements_covered_display": "100"}, "missing_lines": [], "excluded_lines": [], "start_line": 138}, "": {"executed_lines": [8, 9, 11, 12, 13, 15, 19, 22, 25, 40, 41, 50, 51, 55, 56, 64, 65, 69, 70, 74, 75, 79, 80, 84, 85, 89, 90, 94, 95, 99, 105, 111, 128, 137, 138], "summary": {"covered_lines": 35, "num_statements": 35, "percent_covered": 100.0, "percent_covered_display": "100", "missing_lines": 0, "excluded_lines": 0, "percent_statements_covered": 100.0, "percent_statements_covered_display": "100"}, "missing_lines": [], "excluded_lines": [], "start_line": 1}}, "classes": {"DreoDehumidifierHA": {"executed_lines": [26, 27, 28, 33, 43, 53, 58, 59, 60, 62, 67, 72, 77, 82, 87, 92, 97, 101, 102, 103, 107, 108, 109, 113, 117, 118, 120, 121, 125, 126, 130, 133, 134, 140, 142, 143, 145, 146, 148, 149, 151, 152, 154, 155, 157], "summary": {"covered_lines": 45, "num_statements": 45, "percent_covered": 100.0, "percent_covered_display": "100", "missing_lines": 0, "excluded_lines": 0, "percent_statements_covered": 100.0, "percent_statements_covered_display": "100"}, "missing_lines": [], "excluded_lines": [], "start_line": 22}, "": {"executed_lines": [8, 9, 11, 12, 13, 15, 19, 22, 25, 40, 41, 50, 51, 55, 56, 64, 65, 69, 70, 74, 75, 79, 80, 84, 85, 89, 90, 94, 95, 99, 105, 111, 128, 137, 138], "summary": {"covered_lines": 35, "num_statements": 35, "percent_covered": 100.0, "percent_covered_display": "100", "missing_lines": 0, "excluded_lines": 0, "percent_statements_covered": 100.0, "percent_statements_covered_display": "100"}, "missing_lines": [], "excluded_lines": [], "start_line": 1}}}, "custom_components/dreo/dreofan.py": {"executed_lines": [2, 4, 5, 6, 8, 10, 11, 13, 15, 17, 20, 22, 23, 24, 25, 26, 29, 30, 32, 40, 44, 45, 47, 49, 50, 52, 54, 56, 57, 59, 61, 62, 64, 66, 67, 69, 71, 72, 79, 80, 82, 83, 84, 85, 86, 88, 90, 97, 98, 100, 102, 103, 105, 107, 108, 109, 111, 112, 114, 122, 124, 126, 128, 134, 135, 137, 140, 142, 144, 146, 147, 149], "summary": {"covered_lines": 72, "num_statements": 91, "percent_covered": 79.12087912087912, "percent_covered_display": "79", "missing_lines": 19, "excluded_lines": 0, "percent_statements_covered": 79.12087912087912, "percent_statements_covered_display": "79"}, "missing_lines": [27, 33, 34, 35, 36, 37, 38, 39, 53, 74, 77, 115, 116, 117, 118, 120, 129, 138, 151], "excluded_lines": [], "functions": {"DreoFanHA.__init__": {"executed_lines": [22, 23, 24, 25, 26], "summary": {"covered_lines": 5, "num_statements": 6, "percent_covered": 83.33333333333333, "percent_covered_display": "83", "missing_lines": 1, "excluded_lines": 0, "percent_statements_covered": 83.33333333333333, "percent_statements_covered_display": "83"}, "missing_lines": [27], "excluded_lines": [], "start_line": 20}, "DreoFanHA.percentage": {"executed_lines": [32, 40], "summary": {"covered_lines": 2, "num_statements": 9, "percent_covered": 22.22222222222222, "percent_covered_display": "22", "missing_lines": 7, "excluded_lines": 0, "percent_statements_covered": 22.22222222222222, "percent_statements_covered_display": "22"}, "missing_lines": [33, 34, 35, 36, 37, 38, 39], "excluded_lines": [], "start_line": 30}, "DreoFanHA.is_on": {"executed_lines": [47], "summary": {"covered_lines": 1, "num_statements": 1, "percent_covered": 100.0, "percent_covered_display": "100", "missing_lines": 0, "excluded_lines": 0, "percent_statements_covered": 100.0, "percent_statements_covered_display": "100"}, "missing_lines": [], "excluded_lines": [], "start_line": 45}, "DreoFanHA.oscillating": {"executed_lines": [52, 54], "summary": {"covered_lines": 2, "num_statements": 3, "percent_covered": 66.66666666666667, "percent_covered_display": "67", "missing_lines": 1, "excluded_lines": 0, "percent_statements_covered": 66.66666666666667, "percent_statements_covered_display": "67"}, "missing_lines": [53], "excluded_lines": [], "start_line": 50}, "DreoFanHA.speed_count": {"executed_lines": [59], "summary": {"covered_lines": 1, "num_statements": 1, "percent_covered": 100.0, "percent_covered_display": "100", "missing_lines": 0, "excluded_lines": 0, "percent_statements_covered": 100.0, "percent_statements_covered_display": "100"}, "missing_lines": [], "excluded_lines": [], "start_line": 57}, "DreoFanHA.preset_modes": {"executed_lines": [64], "summary": {"covered_lines": 1, "num_statements": 1, "percent_covered": 100.0, "percent_covered_display": "100", "missing_lines": 0, "excluded_lines": 0, "percent_statements_covered": 100.0, "percent_statements_covered_display": "100"}, "missing_lines": [], "excluded_lines": [], "start_line": 62}, "DreoFanHA.preset_mode": {"executed_lines": [69], "summary": {"covered_lines": 1, "num_statements": 1, "percent_covered": 100.0, "percent_covered_display": "100", "missing_lines": 0, "excluded_lines": 0, "percent_statements_covered": 100.0, "percent_statements_covered_display": "100"}, "missing_lines": [], "excluded_lines": [], "start_line": 67}, "DreoFanHA.extra_state_attributes": {"executed_lines": [], "summary": {"covered_lines": 0, "num_statements": 2, "percent_covered": 0.0, "percent_covered_display": "0", "missing_lines": 2, "excluded_lines": 0, "percent_statements_covered": 0.0, "percent_statements_covered_display": "0"}, "missing_lines": [74, 77], "excluded_lines": [], "start_line": 72}, "DreoFanHA.supported_features": {"executed_lines": [82, 83, 84, 85, 86, 88], "summary": {"covered_lines": 6, "num_statements": 6, "percent_covered": 100.0, "percent_covered_display": "100", "missing_lines": 0, "excluded_lines": 0, "percent_statements_covered": 100.0, "percent_statements_covered_display": "100"}, "missing_lines": [], "excluded_lines": [], "start_line": 80}, "DreoFanHA.turn_on": {"executed_lines": [97, 98], "summary": {"covered_lines": 2, "num_statements": 2, "percent_covered": 100.0, "percent_covered_display": "100", "missing_lines": 0, "excluded_lines": 0, "percent_statements_covered": 100.0, "percent_statements_covered_display": "100"}, "missing_lines": [], "excluded_lines": [], "start_line": 90}, "DreoFanHA.turn_off": {"executed_lines": [102, 103], "summary": {"covered_lines": 2, "num_statements": 2, "percent_covered": 100.0, "percent_covered_display": "100", "missing_lines": 0, "excluded_lines": 0, "percent_statements_covered": 100.0, "percent_statements_covered_display": "100"}, "missing_lines": [], "excluded_lines": [], "start_line": 100}, "DreoFanHA.set_percentage": {"executed_lines": [107, 108, 109, 111, 112, 114, 122, 124], "summary": {"covered_lines": 8, "num_statements": 13, "percent_covered": 61.53846153846154, "percent_covered_display": "62", "missing_lines": 5, "excluded_lines": 0, "percent_statements_covered": 61.53846153846154, "percent_statements_covered_display": "62"}, "missing_lines": [115, 116, 117, 118, 120], "excluded_lines": [], "start_line": 105}, "DreoFanHA.set_preset_mode": {"executed_lines": [128, 134, 135, 137, 140, 142], "summary": {"covered_lines": 6, "num_statements": 8, "percent_covered": 75.0, "percent_covered_display": "75", "missing_lines": 2, "excluded_lines": 0, "percent_statements_covered": 75.0, "percent_statements_covered_display": "75"}, "missing_lines": [129, 138], "excluded_lines": [], "start_line": 126}, "DreoFanHA.oscillate": {"executed_lines": [146, 147], "summary": {"covered_lines": 2, "num_statements": 2, "percent_covered": 100.0, "percent_covered_display": "100", "missing_lines": 0, "excluded_lines": 0, "percent_statements_covered": 100.0, "percent_statements_covered_display": "100"}, "missing_lines": [], "excluded_lines": [], "start_line": 144}, "DreoFanHA.set_direction": {"executed_lines": [], "summary": {"covered_lines": 0, "num_statements": 1, "percent_covered": 0.0, "percent_covered_display": "0", "missing_lines": 1, "excluded_lines": 0, "percent_statements_covered": 0.0, "percent_statements_covered_display": "0"}, "missing_lines": [151], "excluded_lines": [], "start_line": 149}, "": {"executed_lines": [2, 4, 5, 6, 8, 10, 11, 13, 15, 17, 20, 29, 30, 44, 45, 49, 50, 56, 57, 61, 62, 66, 67, 71, 72, 79, 80, 90, 100, 105, 126, 144, 149], "summary": {"covered_lines": 33, "num_statements": 33, "percent_covered": 100.0, "percent_covered_display": "100", "missing_lines": 0, "excluded_lines": 0, "percent_statements_covered": 100.0, "percent_statements_covered_display": "100"}, "missing_lines": [], "excluded_lines": [], "start_line": 1}}, "classes": {"DreoFanHA": {"executed_lines": [22, 23, 24, 25, 26, 32, 40, 47, 52, 54, 59, 64, 69, 82, 83, 84, 85, 86, 88, 97, 98, 102, 103, 107, 108, 109, 111, 112, 114, 122, 124, 128, 134, 135, 137, 140, 142, 146, 147], "summary": {"covered_lines": 39, "num_statements": 58, "percent_covered": 67.24137931034483, "percent_covered_display": "67", "missing_lines": 19, "excluded_lines": 0, "percent_statements_covered": 67.24137931034483, "percent_statements_covered_display": "67"}, "missing_lines": [27, 33, 34, 35, 36, 37, 38, 39, 53, 74, 77, 115, 116, 117, 118, 120, 129, 138, 151], "excluded_lines": [], "start_line": 17}, "": {"executed_lines": [2, 4, 5, 6, 8, 10, 11, 13, 15, 17, 20, 29, 30, 44, 45, 49, 50, 56, 57, 61, 62, 66, 67, 71, 72, 79, 80, 90, 100, 105, 126, 144, 149], "summary": {"covered_lines": 33, "num_statements": 33, "percent_covered": 100.0, "percent_covered_display": "100", "missing_lines": 0, "excluded_lines": 0, "percent_statements_covered": 100.0, "percent_statements_covered_display": "100"}, "missing_lines": [], "excluded_lines": [], "start_line": 1}}}, "custom_components/dreo/dreoheater.py": {"executed_lines": [8, 9, 11, 12, 13, 20, 22, 26, 30, 33, 34, 35, 38, 46, 51, 56, 63, 70, 73, 74, 75, 76, 77, 78, 79, 80, 81, 82, 84, 85, 86, 87, 94, 95, 96, 97, 98, 99, 102, 105, 108, 111, 115, 116, 118, 129, 130, 139, 140, 142, 144, 145, 149, 150, 158, 159, 163, 164, 170, 171, 173, 175, 176, 179, 180, 181, 182, 184, 187, 188, 189, 191, 193, 195, 198, 199, 200, 203, 204, 205, 206, 207, 210, 212, 213, 214, 215, 220, 221, 223, 225, 226, 227, 228, 229, 230, 231, 232, 233, 235, 237, 252, 258, 259, 264, 265, 270, 276, 281, 282, 283, 285, 287, 288, 295, 296, 303, 305, 306, 309, 310, 313, 314, 317, 318, 320, 321, 325, 327, 328, 332, 334, 337, 342, 345, 346, 347, 348, 351, 352, 354, 355, 356, 357, 361, 363, 365, 366, 370, 371, 380, 390, 394, 398, 402, 409, 413], "summary": {"covered_lines": 157, "num_statements": 214, "percent_covered": 73.3644859813084, "percent_covered_display": "73", "missing_lines": 57, "excluded_lines": 0, "percent_statements_covered": 73.3644859813084, "percent_statements_covered_display": "73"}, "missing_lines": [132, 147, 152, 161, 166, 216, 217, 239, 240, 242, 243, 244, 245, 246, 247, 248, 250, 254, 255, 256, 261, 262, 267, 268, 271, 274, 277, 278, 292, 293, 307, 311, 315, 330, 338, 340, 360, 368, 372, 373, 374, 375, 377, 378, 382, 385, 386, 387, 388, 392, 396, 400, 404, 405, 407, 411, 415], "excluded_lines": [], "functions": {"DreoHeaterHA.__init__": {"executed_lines": [85, 86, 87, 94, 95, 96, 97, 98, 99, 102, 105, 108, 111, 115, 116, 118], "summary": {"covered_lines": 16, "num_statements": 16, "percent_covered": 100.0, "percent_covered_display": "100", "missing_lines": 0, "excluded_lines": 0, "percent_statements_covered": 100.0, "percent_statements_covered_display": "100"}, "missing_lines": [], "excluded_lines": [], "start_line": 84}, "DreoHeaterHA.device_info": {"executed_lines": [], "summary": {"covered_lines": 0, "num_statements": 1, "percent_covered": 0.0, "percent_covered_display": "0", "missing_lines": 1, "excluded_lines": 0, "percent_statements_covered": 0.0, "percent_statements_covered_display": "0"}, "missing_lines": [132], "excluded_lines": [], "start_line": 130}, "DreoHeaterHA.is_on": {"executed_lines": [142], "summary": {"covered_lines": 1, "num_statements": 1, "percent_covered": 100.0, "percent_covered_display": "100", "missing_lines": 0, "excluded_lines": 0, "percent_statements_covered": 100.0, "percent_statements_covered_display": "100"}, "missing_lines": [], "excluded_lines": [], "start_line": 140}, "DreoHeaterHA.oscon": {"executed_lines": [], "summary": {"covered_lines": 0, "num_statements": 2, "percent_covered": 0.0, "percent_covered_display": "0", "missing_lines": 2, "excluded_lines": 0, "percent_statements_covered": 0.0, "percent_statements_covered_display": "0"}, "missing_lines": [261, 262], "excluded_lines": [], "start_line": 259}, "DreoHeaterHA.oscangle": {"executed_lines": [], "summary": {"covered_lines": 0, "num_statements": 2, "percent_covered": 0.0, "percent_covered_display": "0", "missing_lines": 2, "excluded_lines": 0, "percent_statements_covered": 0.0, "percent_statements_covered_display": "0"}, "missing_lines": [267, 268], "excluded_lines": [], "start_line": 265}, "DreoHeaterHA.htalevels_count": {"executed_lines": [], "summary": {"covered_lines": 0, "num_statements": 1, "percent_covered": 0.0, "percent_covered_display": "0", "missing_lines": 1, "excluded_lines": 0, "percent_statements_covered": 0.0, "percent_statements_covered_display": "0"}, "missing_lines": [161], "excluded_lines": [], "start_line": 159}, "DreoHeaterHA.extra_state_attributes": {"executed_lines": [], "summary": {"covered_lines": 0, "num_statements": 1, "percent_covered": 0.0, "percent_covered_display": "0", "missing_lines": 1, "excluded_lines": 0, "percent_statements_covered": 0.0, "percent_statements_covered_display": "0"}, "missing_lines": [166], "excluded_lines": [], "start_line": 164}, "DreoHeaterHA.preset_modes": {"executed_lines": [173], "summary": {"covered_lines": 1, "num_statements": 1, "percent_covered": 100.0, "percent_covered_display": "100", "missing_lines": 0, "excluded_lines": 0, "percent_statements_covered": 100.0, "percent_statements_covered_display": "100"}, "missing_lines": [], "excluded_lines": [], "start_line": 171}, "DreoHeaterHA.preset_mode": {"executed_lines": [179, 180, 181, 182, 184, 187, 188, 189, 191], "summary": {"covered_lines": 9, "num_statements": 9, "percent_covered": 100.0, "percent_covered_display": "100", "missing_lines": 0, "excluded_lines": 0, "percent_statements_covered": 100.0, "percent_statements_covered_display": "100"}, "missing_lines": [], "excluded_lines": [], "start_line": 176}, "DreoHeaterHA.set_preset_mode": {"executed_lines": [195, 198, 199, 200, 203, 204, 205, 206, 207, 210, 212, 213, 214, 215], "summary": {"covered_lines": 14, "num_statements": 16, "percent_covered": 87.5, "percent_covered_display": "88", "missing_lines": 2, "excluded_lines": 0, "percent_statements_covered": 87.5, "percent_statements_covered_display": "88"}, "missing_lines": [216, 217], "excluded_lines": [], "start_line": 193}, "DreoHeaterHA.supported_features": {"executed_lines": [223, 225, 226, 227, 228, 229, 230, 231, 232, 233, 235], "summary": {"covered_lines": 11, "num_statements": 11, "percent_covered": 100.0, "percent_covered_display": "100", "missing_lines": 0, "excluded_lines": 0, "percent_statements_covered": 100.0, "percent_statements_covered_display": "100"}, "missing_lines": [], "excluded_lines": [], "start_line": 221}, "DreoHeaterHA.turn_on": {"executed_lines": [], "summary": {"covered_lines": 0, "num_statements": 10, "percent_covered": 0.0, "percent_covered_display": "0", "missing_lines": 10, "excluded_lines": 0, "percent_statements_covered": 0.0, "percent_statements_covered_display": "0"}, "missing_lines": [239, 240, 242, 243, 244, 245, 246, 247, 248, 250], "excluded_lines": [], "start_line": 237}, "DreoHeaterHA.turn_off": {"executed_lines": [], "summary": {"covered_lines": 0, "num_statements": 3, "percent_covered": 0.0, "percent_covered_display": "0", "missing_lines": 3, "excluded_lines": 0, "percent_statements_covered": 0.0, "percent_statements_covered_display": "0"}, "missing_lines": [254, 255, 256], "excluded_lines": [], "start_line": 252}, "DreoHeaterHA.panel_sound": {"executed_lines": [], "summary": {"covered_lines": 0, "num_statements": 2, "percent_covered": 0.0, "percent_covered_display": "0", "missing_lines": 2, "excluded_lines": 0, "percent_statements_covered": 0.0, "percent_statements_covered_display": "0"}, "missing_lines": [271, 274], "excluded_lines": [], "start_line": 270}, "DreoHeaterHA.muteon": {"executed_lines": [], "summary": {"covered_lines": 0, "num_statements": 2, "percent_covered": 0.0, "percent_covered_display": "0", "missing_lines": 2, "excluded_lines": 0, "percent_statements_covered": 0.0, "percent_statements_covered_display": "0"}, "missing_lines": [277, 278], "excluded_lines": [], "start_line": 276}, "DreoHeaterHA.current_temperature": {"executed_lines": [283], "summary": {"covered_lines": 1, "num_statements": 1, "percent_covered": 100.0, "percent_covered_display": "100", "missing_lines": 0, "excluded_lines": 0, "percent_statements_covered": 100.0, "percent_statements_covered_display": "100"}, "missing_lines": [], "excluded_lines": [], "start_line": 282}, "DreoHeaterHA.set_temperature": {"executed_lines": [287, 288], "summary": {"covered_lines": 2, "num_statements": 4, "percent_covered": 50.0, "percent_covered_display": "50", "missing_lines": 2, "excluded_lines": 0, "percent_statements_covered": 50.0, "percent_statements_covered_display": "50"}, "missing_lines": [292, 293], "excluded_lines": [], "start_line": 285}, "DreoHeaterHA.target_temperature": {"executed_lines": [303], "summary": {"covered_lines": 1, "num_statements": 1, "percent_covered": 100.0, "percent_covered_display": "100", "missing_lines": 0, "excluded_lines": 0, "percent_statements_covered": 100.0, "percent_statements_covered_display": "100"}, "missing_lines": [], "excluded_lines": [], "start_line": 296}, "DreoHeaterHA.min_temp": {"executed_lines": [], "summary": {"covered_lines": 0, "num_statements": 1, "percent_covered": 0.0, "percent_covered_display": "0", "missing_lines": 1, "excluded_lines": 0, "percent_statements_covered": 0.0, "percent_statements_covered_display": "0"}, "missing_lines": [307], "excluded_lines": [], "start_line": 306}, "DreoHeaterHA.max_temp": {"executed_lines": [], "summary": {"covered_lines": 0, "num_statements": 1, "percent_covered": 0.0, "percent_covered_display": "0", "missing_lines": 1, "excluded_lines": 0, "percent_statements_covered": 0.0, "percent_statements_covered_display": "0"}, "missing_lines": [311], "excluded_lines": [], "start_line": 310}, "DreoHeaterHA.target_temperature_step": {"executed_lines": [], "summary": {"covered_lines": 0, "num_statements": 1, "percent_covered": 0.0, "percent_covered_display": "0", "missing_lines": 1, "excluded_lines": 0, "percent_statements_covered": 0.0, "percent_statements_covered_display": "0"}, "missing_lines": [315], "excluded_lines": [], "start_line": 314}, "DreoHeaterHA.hvac_mode": {"executed_lines": [320, 321, 325], "summary": {"covered_lines": 3, "num_statements": 3, "percent_covered": 100.0, "percent_covered_display": "100", "missing_lines": 0, "excluded_lines": 0, "percent_statements_covered": 100.0, "percent_statements_covered_display": "100"}, "missing_lines": [], "excluded_lines": [], "start_line": 318}, "DreoHeaterHA.hvac_modes": {"executed_lines": [], "summary": {"covered_lines": 0, "num_statements": 1, "percent_covered": 0.0, "percent_covered_display": "0", "missing_lines": 1, "excluded_lines": 0, "percent_statements_covered": 0.0, "percent_statements_covered_display": "0"}, "missing_lines": [330], "excluded_lines": [], "start_line": 328}, "DreoHeaterHA.set_hvac_mode": {"executed_lines": [334, 337, 342, 345, 346, 347, 348, 351, 352, 354, 355, 356, 357, 361, 363], "summary": {"covered_lines": 15, "num_statements": 18, "percent_covered": 83.33333333333333, "percent_covered_display": "83", "missing_lines": 3, "excluded_lines": 0, "percent_statements_covered": 83.33333333333333, "percent_statements_covered_display": "83"}, "missing_lines": [338, 340, 360], "excluded_lines": [], "start_line": 332}, "DreoHeaterHA.swing_modes": {"executed_lines": [], "summary": {"covered_lines": 0, "num_statements": 1, "percent_covered": 0.0, "percent_covered_display": "0", "missing_lines": 1, "excluded_lines": 0, "percent_statements_covered": 0.0, "percent_statements_covered_display": "0"}, "missing_lines": [368], "excluded_lines": [], "start_line": 366}, "DreoHeaterHA.swing_mode": {"executed_lines": [], "summary": {"covered_lines": 0, "num_statements": 6, "percent_covered": 0.0, "percent_covered_display": "0", "missing_lines": 6, "excluded_lines": 0, "percent_statements_covered": 0.0, "percent_statements_covered_display": "0"}, "missing_lines": [372, 373, 374, 375, 377, 378], "excluded_lines": [], "start_line": 371}, "DreoHeaterHA.set_swing_mode": {"executed_lines": [], "summary": {"covered_lines": 0, "num_statements": 5, "percent_covered": 0.0, "percent_covered_display": "0", "missing_lines": 5, "excluded_lines": 0, "percent_statements_covered": 0.0, "percent_statements_covered_display": "0"}, "missing_lines": [382, 385, 386, 387, 388], "excluded_lines": [], "start_line": 380}, "DreoHeaterHA.set_fan_mode": {"executed_lines": [], "summary": {"covered_lines": 0, "num_statements": 1, "percent_covered": 0.0, "percent_covered_display": "0", "missing_lines": 1, "excluded_lines": 0, "percent_statements_covered": 0.0, "percent_statements_covered_display": "0"}, "missing_lines": [392], "excluded_lines": [], "start_line": 390}, "DreoHeaterHA.set_humidity": {"executed_lines": [], "summary": {"covered_lines": 0, "num_statements": 1, "percent_covered": 0.0, "percent_covered_display": "0", "missing_lines": 1, "excluded_lines": 0, "percent_statements_covered": 0.0, "percent_statements_covered_display": "0"}, "missing_lines": [396], "excluded_lines": [], "start_line": 394}, "DreoHeaterHA.set_swing_horizontal_mode": {"executed_lines": [], "summary": {"covered_lines": 0, "num_statements": 1, "percent_covered": 0.0, "percent_covered_display": "0", "missing_lines": 1, "excluded_lines": 0, "percent_statements_covered": 0.0, "percent_statements_covered_display": "0"}, "missing_lines": [400], "excluded_lines": [], "start_line": 398}, "DreoHeaterHA.toggle": {"executed_lines": [], "summary": {"covered_lines": 0, "num_statements": 3, "percent_covered": 0.0, "percent_covered_display": "0", "missing_lines": 3, "excluded_lines": 0, "percent_statements_covered": 0.0, "percent_statements_covered_display": "0"}, "missing_lines": [404, 405, 407], "excluded_lines": [], "start_line": 402}, "DreoHeaterHA.turn_aux_heat_off": {"executed_lines": [], "summary": {"covered_lines": 0, "num_statements": 1, "percent_covered": 0.0, "percent_covered_display": "0", "missing_lines": 1, "excluded_lines": 0, "percent_statements_covered": 0.0, "percent_statements_covered_display": "0"}, "missing_lines": [411], "excluded_lines": [], "start_line": 409}, "DreoHeaterHA.turn_aux_heat_on": {"executed_lines": [], "summary": {"covered_lines": 0, "num_statements": 1, "percent_covered": 0.0, "percent_covered_display": "0", "missing_lines": 1, "excluded_lines": 0, "percent_statements_covered": 0.0, "percent_statements_covered_display": "0"}, "missing_lines": [415], "excluded_lines": [], "start_line": 413}, "": {"executed_lines": [8, 9, 11, 12, 13, 20, 22, 26, 30, 33, 34, 35, 38, 46, 51, 56, 63, 70, 73, 74, 75, 76, 77, 78, 79, 80, 81, 82, 84, 129, 130, 139, 140, 144, 145, 149, 150, 158, 159, 163, 164, 170, 171, 175, 176, 193, 220, 221, 237, 252, 258, 259, 264, 265, 270, 276, 281, 282, 285, 295, 296, 305, 306, 309, 310, 313, 314, 317, 318, 327, 328, 332, 365, 366, 370, 371, 380, 390, 394, 398, 402, 409, 413], "summary": {"covered_lines": 83, "num_statements": 83, "percent_covered": 100.0, "percent_covered_display": "100", "missing_lines": 0, "excluded_lines": 0, "percent_statements_covered": 100.0, "percent_statements_covered_display": "100"}, "missing_lines": [], "excluded_lines": [], "start_line": 1}}, "classes": {"DreoHeaterHA": {"executed_lines": [85, 86, 87, 94, 95, 96, 97, 98, 99, 102, 105, 108, 111, 115, 116, 118, 142, 173, 179, 180, 181, 182, 184, 187, 188, 189, 191, 195, 198, 199, 200, 203, 204, 205, 206, 207, 210, 212, 213, 214, 215, 223, 225, 226, 227, 228, 229, 230, 231, 232, 233, 235, 283, 287, 288, 303, 320, 321, 325, 334, 337, 342, 345, 346, 347, 348, 351, 352, 354, 355, 356, 357, 361, 363], "summary": {"covered_lines": 74, "num_statements": 131, "percent_covered": 56.48854961832061, "percent_covered_display": "56", "missing_lines": 57, "excluded_lines": 0, "percent_statements_covered": 56.48854961832061, "percent_statements_covered_display": "56"}, "missing_lines": [132, 147, 152, 161, 166, 216, 217, 239, 240, 242, 243, 244, 245, 246, 247, 248, 250, 254, 255, 256, 261, 262, 267, 268, 271, 274, 277, 278, 292, 293, 307, 311, 315, 330, 338, 340, 360, 368, 372, 373, 374, 375, 377, 378, 382, 385, 386, 387, 388, 392, 396, 400, 404, 405, 407, 411, 415], "excluded_lines": [], "start_line": 70}, "": {"executed_lines": [8, 9, 11, 12, 13, 20, 22, 26, 30, 33, 34, 35, 38, 46, 51, 56, 63, 70, 73, 74, 75, 76, 77, 78, 79, 80, 81, 82, 84, 129, 130, 139, 140, 144, 145, 149, 150, 158, 159, 163, 164, 170, 171, 175, 176, 193, 220, 221, 237, 252, 258, 259, 264, 265, 270, 276, 281, 282, 285, 295, 296, 305, 306, 309, 310, 313, 314, 317, 318, 327, 328, 332, 365, 366, 370, 371, 380, 390, 394, 398, 402, 409, 413], "summary": {"covered_lines": 83, "num_statements": 83, "percent_covered": 100.0, "percent_covered_display": "100", "missing_lines": 0, "excluded_lines": 0, "percent_statements_covered": 100.0, "percent_statements_covered_display": "100"}, "missing_lines": [], "excluded_lines": [], "start_line": 1}}}, "custom_components/dreo/dreohumidifier.py": {"executed_lines": [8, 9, 11, 12, 13, 15, 19, 22, 25, 26, 27, 28, 33, 40, 41, 50, 51, 59, 60, 62, 64, 65, 67, 69, 70, 72, 74, 75, 77, 79, 80, 82, 84, 86, 87, 88, 90, 92, 93, 94, 96, 98, 102, 103, 105, 110, 111, 113, 115, 118, 119], "summary": {"covered_lines": 51, "num_statements": 57, "percent_covered": 89.47368421052632, "percent_covered_display": "89", "missing_lines": 6, "excluded_lines": 0, "percent_statements_covered": 89.47368421052632, "percent_statements_covered_display": "89"}, "missing_lines": [43, 53, 54, 55, 57, 106], "excluded_lines": [], "functions": {"DreoHumidifierHA.__init__": {"executed_lines": [26, 27, 28, 33], "summary": {"covered_lines": 4, "num_statements": 4, "percent_covered": 100.0, "percent_covered_display": "100", "missing_lines": 0, "excluded_lines": 0, "percent_statements_covered": 100.0, "percent_statements_covered_display": "100"}, "missing_lines": [], "excluded_lines": [], "start_line": 25}, "DreoHumidifierHA.device_info": {"executed_lines": [], "summary": {"covered_lines": 0, "num_statements": 1, "percent_covered": 0.0, "percent_covered_display": "0", "missing_lines": 1, "excluded_lines": 0, "percent_statements_covered": 0.0, "percent_statements_covered_display": "0"}, "missing_lines": [43], "excluded_lines": [], "start_line": 41}, "DreoHumidifierHA.supported_features": {"executed_lines": [], "summary": {"covered_lines": 0, "num_statements": 4, "percent_covered": 0.0, "percent_covered_display": "0", "missing_lines": 4, "excluded_lines": 0, "percent_statements_covered": 0.0, "percent_statements_covered_display": "0"}, "missing_lines": [53, 54, 55, 57], "excluded_lines": [], "start_line": 51}, "DreoHumidifierHA.is_on": {"executed_lines": [62], "summary": {"covered_lines": 1, "num_statements": 1, "percent_covered": 100.0, "percent_covered_display": "100", "missing_lines": 0, "excluded_lines": 0, "percent_statements_covered": 100.0, "percent_statements_covered_display": "100"}, "missing_lines": [], "excluded_lines": [], "start_line": 60}, "DreoHumidifierHA.mode": {"executed_lines": [67], "summary": {"covered_lines": 1, "num_statements": 1, "percent_covered": 100.0, "percent_covered_display": "100", "missing_lines": 0, "excluded_lines": 0, "percent_statements_covered": 100.0, "percent_statements_covered_display": "100"}, "missing_lines": [], "excluded_lines": [], "start_line": 65}, "DreoHumidifierHA.available_modes": {"executed_lines": [72], "summary": {"covered_lines": 1, "num_statements": 1, "percent_covered": 100.0, "percent_covered_display": "100", "missing_lines": 0, "excluded_lines": 0, "percent_statements_covered": 100.0, "percent_statements_covered_display": "100"}, "missing_lines": [], "excluded_lines": [], "start_line": 70}, "DreoHumidifierHA.current_humidity": {"executed_lines": [77], "summary": {"covered_lines": 1, "num_statements": 1, "percent_covered": 100.0, "percent_covered_display": "100", "missing_lines": 0, "excluded_lines": 0, "percent_statements_covered": 100.0, "percent_statements_covered_display": "100"}, "missing_lines": [], "excluded_lines": [], "start_line": 75}, "DreoHumidifierHA.target_humidity": {"executed_lines": [82], "summary": {"covered_lines": 1, "num_statements": 1, "percent_covered": 100.0, "percent_covered_display": "100", "missing_lines": 0, "excluded_lines": 0, "percent_statements_covered": 100.0, "percent_statements_covered_display": "100"}, "missing_lines": [], "excluded_lines": [], "start_line": 80}, "DreoHumidifierHA.turn_on": {"executed_lines": [86, 87, 88], "summary": {"covered_lines": 3, "num_statements": 3, "percent_covered": 100.0, "percent_covered_display": "100", "missing_lines": 0, "excluded_lines": 0, "percent_statements_covered": 100.0, "percent_statements_covered_display": "100"}, "missing_lines": [], "excluded_lines": [], "start_line": 84}, "DreoHumidifierHA.turn_off": {"executed_lines": [92, 93, 94], "summary": {"covered_lines": 3, "num_statements": 3, "percent_covered": 100.0, "percent_covered_display": "100", "missing_lines": 0, "excluded_lines": 0, "percent_statements_covered": 100.0, "percent_statements_covered_display": "100"}, "missing_lines": [], "excluded_lines": [], "start_line": 90}, "DreoHumidifierHA.set_mode": {"executed_lines": [98, 102, 103, 105, 110, 111], "summary": {"covered_lines": 6, "num_statements": 7, "percent_covered": 85.71428571428571, "percent_covered_display": "86", "missing_lines": 1, "excluded_lines": 0, "percent_statements_covered": 85.71428571428571, "percent_statements_covered_display": "86"}, "missing_lines": [106], "excluded_lines": [], "start_line": 96}, "DreoHumidifierHA.set_humidity": {"executed_lines": [115, 118, 119], "summary": {"covered_lines": 3, "num_statements": 3, "percent_covered": 100.0, "percent_covered_display": "100", "missing_lines": 0, "excluded_lines": 0, "percent_statements_covered": 100.0, "percent_statements_covered_display": "100"}, "missing_lines": [], "excluded_lines": [], "start_line": 113}, "": {"executed_lines": [8, 9, 11, 12, 13, 15, 19, 22, 25, 40, 41, 50, 51, 59, 60, 64, 65, 69, 70, 74, 75, 79, 80, 84, 90, 96, 113], "summary": {"covered_lines": 27, "num_statements": 27, "percent_covered": 100.0, "percent_covered_display": "100", "missing_lines": 0, "excluded_lines": 0, "percent_statements_covered": 100.0, "percent_statements_covered_display": "100"}, "missing_lines": [], "excluded_lines": [], "start_line": 1}}, "classes": {"DreoHumidifierHA": {"executed_lines": [26, 27, 28, 33, 62, 67, 72, 77, 82, 86, 87, 88, 92, 93, 94, 98, 102, 103, 105, 110, 111, 115, 118, 119], "summary": {"covered_lines": 24, "num_statements": 30, "percent_covered": 80.0, "percent_covered_display": "80", "missing_lines": 6, "excluded_lines": 0, "percent_statements_covered": 80.0, "percent_statements_covered_display": "80"}, "missing_lines": [43, 53, 54, 55, 57, 106], "excluded_lines": [], "start_line": 22}, "": {"executed_lines": [8, 9, 11, 12, 13, 15, 19, 22, 25, 40, 41, 50, 51, 59, 60, 64, 65, 69, 70, 74, 75, 79, 80, 84, 90, 96, 113], "summary": {"covered_lines": 27, "num_statements": 27, "percent_covered": 100.0, "percent_covered_display": "100", "missing_lines": 0, "excluded_lines": 0, "percent_statements_covered": 100.0, "percent_statements_covered_display": "100"}, "missing_lines": [], "excluded_lines": [], "start_line": 1}}}, "custom_components/dreo/fan.py": {"executed_lines": [2, 3, 5, 6, 7, 8, 10, 15, 17, 19, 21, 22, 28, 29, 31, 33], "summary": {"covered_lines": 16, "num_statements": 22, "percent_covered": 72.72727272727273, "percent_covered_display": "73", "missing_lines": 6, "excluded_lines": 0, "percent_statements_covered": 72.72727272727273, "percent_statements_covered_display": "73"}, "missing_lines": [40, 41, 43, 45, 47, 48], "excluded_lines": [], "functions": {"get_entries": {"executed_lines": [19, 21, 22, 28, 29, 31], "summary": {"covered_lines": 6, "num_statements": 6, "percent_covered": 100.0, "percent_covered_display": "100", "missing_lines": 0, "
[...]
ed_display": "0", "missing_lines": 5, "excluded_lines": 0, "percent_statements_covered": 0.0, "percent_statements_covered_display": "0"}, "missing_lines": [191, 192, 193, 194, 195], "excluded_lines": [], "start_line": 189}, "PyDreoHumidifier.update_state": {"executed_lines": [209, 211, 212, 213, 214, 215, 216, 217, 218, 219], "summary": {"covered_lines": 10, "num_statements": 10, "percent_covered": 100.0, "percent_covered_display": "100", "missing_lines": 0, "excluded_lines": 0, "percent_statements_covered": 100.0, "percent_statements_covered_display": "100"}, "missing_lines": [], "excluded_lines": [], "start_line": 207}, "PyDreoHumidifier.handle_server_update": {"executed_lines": [223, 225, 226, 227, 228, 230, 231, 232, 234, 235, 236, 238, 239, 243, 244, 248, 249, 252, 253, 256, 257, 258, 259, 261, 262, 263, 264], "summary": {"covered_lines": 27, "num_statements": 33, "percent_covered": 81.81818181818181, "percent_covered_display": "82", "missing_lines": 6, "excluded_lines": 0, "percent_statements_covered": 81.81818181818181, "percent_statements_covered_display": "82"}, "missing_lines": [240, 241, 245, 246, 250, 254], "excluded_lines": [], "start_line": 221}, "": {"executed_lines": [4, 5, 7, 17, 20, 21, 23, 25, 26, 29, 30, 32, 33, 35, 42, 50, 51, 52, 57, 60, 77, 98, 99, 103, 104, 109, 110, 114, 115, 119, 120, 124, 125, 134, 135, 141, 142, 150, 151, 163, 164, 168, 169, 173, 174, 178, 179, 183, 184, 188, 189, 196, 197, 207, 221], "summary": {"covered_lines": 55, "num_statements": 55, "percent_covered": 100.0, "percent_covered_display": "100", "missing_lines": 0, "excluded_lines": 2, "percent_statements_covered": 100.0, "percent_statements_covered_display": "100"}, "missing_lines": [], "excluded_lines": [54, 55], "start_line": 1}}, "classes": {"PyDreoHumidifier": {"executed_lines": [62, 64, 65, 66, 68, 69, 70, 71, 72, 73, 74, 75, 79, 80, 81, 82, 83, 84, 85, 86, 87, 88, 89, 91, 92, 95, 96, 101, 106, 107, 112, 117, 122, 127, 128, 131, 132, 154, 158, 159, 161, 166, 171, 176, 181, 198, 199, 200, 203, 209, 211, 212, 213, 214, 215, 216, 217, 218, 219, 223, 225, 226, 227, 228, 230, 231, 232, 234, 235, 236, 238, 239, 243, 244, 248, 249, 252, 253, 256, 257, 258, 259, 261, 262, 263, 264], "summary": {"covered_lines": 86, "num_statements": 116, "percent_covered": 74.13793103448276, "percent_covered_display": "74", "missing_lines": 30, "excluded_lines": 0, "percent_statements_covered": 74.13793103448276, "percent_statements_covered_display": "74"}, "missing_lines": [93, 94, 129, 130, 137, 138, 139, 144, 145, 146, 147, 148, 155, 156, 160, 186, 191, 192, 193, 194, 195, 201, 202, 205, 240, 241, 245, 246, 250, 254], "excluded_lines": [], "start_line": 57}, "": {"executed_lines": [4, 5, 7, 17, 20, 21, 23, 25, 26, 29, 30, 32, 33, 35, 42, 50, 51, 52, 57, 60, 77, 98, 99, 103, 104, 109, 110, 114, 115, 119, 120, 124, 125, 134, 135, 141, 142, 150, 151, 163, 164, 168, 169, 173, 174, 178, 179, 183, 184, 188, 189, 196, 197, 207, 221], "summary": {"covered_lines": 55, "num_statements": 55, "percent_covered": 100.0, "percent_covered_display": "100", "missing_lines": 0, "excluded_lines": 2, "percent_statements_covered": 100.0, "percent_statements_covered_display": "100"}, "missing_lines": [], "excluded_lines": [54, 55], "start_line": 1}}}, "custom_components/dreo/pydreo/pydreotowerfan.py": {"executed_lines": [3, 4, 6, 13, 14, 16, 22, 25, 27, 29, 30, 31, 32, 33, 34, 35, 36, 38, 39, 40, 42, 44, 45, 46, 47, 48, 49, 52, 54, 55, 56, 57, 58, 59, 60, 61, 62, 63, 64, 65, 66, 67, 68, 69, 70, 71, 72, 75, 76, 79, 80, 82, 83, 85, 86, 87, 88, 91, 92, 95, 97, 98, 99, 100, 101, 102, 103, 106, 110, 111, 116, 117, 127, 129, 130, 132, 133, 134, 136, 138, 139, 142, 143, 144, 146, 147, 150, 151], "summary": {"covered_lines": 88, "num_statements": 107, "percent_covered": 82.24299065420561, "percent_covered_display": "82", "missing_lines": 19, "excluded_lines": 2, "percent_statements_covered": 82.24299065420561, "percent_statements_covered_display": "82"}, "missing_lines": [50, 73, 77, 78, 89, 104, 105, 108, 113, 114, 119, 120, 121, 122, 123, 124, 125, 148, 152], "excluded_lines": [18, 19], "functions": {"PyDreoTowerFan.__init__": {"executed_lines": [27, 29, 30, 31, 32, 33, 34, 35, 36, 38, 39, 40], "summary": {"covered_lines": 12, "num_statements": 12, "percent_covered": 100.0, "percent_covered_display": "100", "missing_lines": 0, "excluded_lines": 0, "percent_statements_covered": 100.0, "percent_statements_covered_display": "100"}, "missing_lines": [], "excluded_lines": [], "start_line": 25}, "PyDreoTowerFan.parse_speed_range_from_control_node": {"executed_lines": [44, 45, 46, 47, 48, 49], "summary": {"covered_lines": 6, "num_statements": 7, "percent_covered": 85.71428571428571, "percent_covered_display": "86", "missing_lines": 1, "excluded_lines": 0, "percent_statements_covered": 85.71428571428571, "percent_statements_covered_display": "86"}, "missing_lines": [50], "excluded_lines": [], "start_line": 42}, "PyDreoTowerFan.parse_preset_modes": {"executed_lines": [54, 55, 56, 57, 58, 59, 60, 61, 62, 63, 64, 65, 66, 67, 68, 69, 70, 71, 72, 75, 76, 79, 80], "summary": {"covered_lines": 23, "num_statements": 26, "percent_covered": 88.46153846153847, "percent_covered_display": "88", "missing_lines": 3, "excluded_lines": 0, "percent_statements_covered": 88.46153846153847, "percent_statements_covered_display": "88"}, "missing_lines": [73, 77, 78], "excluded_lines": [], "start_line": 52}, "PyDreoTowerFan.oscillating": {"executed_lines": [95, 97, 98, 99, 100, 101, 102, 103, 106], "summary": {"covered_lines": 9, "num_statements": 12, "percent_covered": 75.0, "percent_covered_display": "75", "missing_lines": 3, "excluded_lines": 0, "percent_statements_covered": 75.0, "percent_statements_covered_display": "75"}, "missing_lines": [104, 105, 108], "excluded_lines": [], "start_line": 92}, "PyDreoTowerFan.shakehorizonangle": {"executed_lines": [], "summary": {"covered_lines": 0, "num_statements": 7, "percent_covered": 0.0, "percent_covered_display": "0", "missing_lines": 7, "excluded_lines": 0, "percent_statements_covered": 0.0, "percent_statements_covered_display": "0"}, "missing_lines": [119, 120, 121, 122, 123, 124, 125], "excluded_lines": [], "start_line": 117}, "PyDreoTowerFan.update_state": {"executed_lines": [129, 130, 132, 133, 134], "summary": {"covered_lines": 5, "num_statements": 5, "percent_covered": 100.0, "percent_covered_display": "100", "missing_lines": 0, "excluded_lines": 0, "percent_statements_covered": 100.0, "percent_statements_covered_display": "100"}, "missing_lines": [], "excluded_lines": [], "start_line": 127}, "PyDreoTowerFan.handle_server_update": {"executed_lines": [138, 139, 142, 143, 144, 146, 147, 150, 151], "summary": {"covered_lines": 9, "num_statements": 11, "percent_covered": 81.81818181818181, "percent_covered_display": "82", "missing_lines": 2, "excluded_lines": 0, "percent_statements_covered": 81.81818181818181, "percent_statements_covered_display": "82"}, "missing_lines": [148, 152], "excluded_lines": [], "start_line": 136}, "": {"executed_lines": [3, 4, 6, 13, 14, 16, 22, 25, 42, 52, 82, 83, 91, 92, 110, 111, 116, 117, 127, 136], "summary": {"covered_lines": 20, "num_statements": 20, "percent_covered": 100.0, "percent_covered_display": "100", "missing_lines": 0, "excluded_lines": 2, "percent_statements_covered": 100.0, "percent_statements_covered_display": "100"}, "missing_lines": [], "excluded_lines": [18, 19], "start_line": 1}}, "classes": {"PyDreoTowerFan": {"executed_lines": [27, 29, 30, 31, 32, 33, 34, 35, 36, 38, 39, 40, 44, 45, 46, 47, 48, 49, 54, 55, 56, 57, 58, 59, 60, 61, 62, 63, 64, 65, 66, 67, 68, 69, 70, 71, 72, 75, 76, 79, 80, 85, 86, 87, 88, 95, 97, 98, 99, 100, 101, 102, 103, 106, 129, 130, 132, 133, 134, 138, 139, 142, 143, 144, 146, 147, 150, 151], "summary": {"covered_lines": 68, "num_statements": 87, "percent_covered": 78.16091954022988, "percent_covered_display": "78", "missing_lines": 19, "excluded_lines": 0, "percent_statements_covered": 78.16091954022988, "percent_statements_covered_display": "78"}, "missing_lines": [50, 73, 77, 78, 89, 104, 105, 108, 113, 114, 119, 120, 121, 122, 123, 124, 125, 148, 152], "excluded_lines": [], "start_line": 22}, "": {"executed_lines": [3, 4, 6, 13, 14, 16, 22, 25, 42, 52, 82, 83, 91, 92, 110, 111, 116, 117, 127, 136], "summary": {"covered_lines": 20, "num_statements": 20, "percent_covered": 100.0, "percent_covered_display": "100", "missing_lines": 0, "excluded_lines": 2, "percent_statements_covered": 100.0, "percent_statements_covered_display": "100"}, "missing_lines": [], "excluded_lines": [18, 19], "start_line": 1}}}, "custom_components/dreo/pydreo/pydreounknowndevice.py": {"executed_lines": [3, 4, 6, 7, 9, 14, 17, 19], "summary": {"covered_lines": 8, "num_statements": 8, "percent_covered": 100.0, "percent_covered_display": "100", "missing_lines": 0, "excluded_lines": 2, "percent_statements_covered": 100.0, "percent_statements_covered_display": "100"}, "missing_lines": [], "excluded_lines": [11, 12], "functions": {"PyDreoUnknownDevice.__init__": {"executed_lines": [19], "summary": {"covered_lines": 1, "num_statements": 1, "percent_covered": 100.0, "percent_covered_display": "100", "missing_lines": 0, "excluded_lines": 0, "percent_statements_covered": 100.0, "percent_statements_covered_display": "100"}, "missing_lines": [], "excluded_lines": [], "start_line": 17}, "": {"executed_lines": [3, 4, 6, 7, 9, 14, 17], "summary": {"covered_lines": 7, "num_statements": 7, "percent_covered": 100.0, "percent_covered_display": "100", "missing_lines": 0, "excluded_lines": 2, "percent_statements_covered": 100.0, "percent_statements_covered_display": "100"}, "missing_lines": [], "excluded_lines": [11, 12], "start_line": 1}}, "classes": {"PyDreoUnknownDevice": {"executed_lines": [19], "summary": {"covered_lines": 1, "num_statements": 1, "percent_covered": 100.0, "percent_covered_display": "100", "missing_lines": 0, "excluded_lines": 0, "percent_statements_covered": 100.0, "percent_statements_covered_display": "100"}, "missing_lines": [], "excluded_lines": [], "start_line": 14}, "": {"executed_lines": [3, 4, 6, 7, 9, 14, 17], "summary": {"covered_lines": 7, "num_statements": 7, "percent_covered": 100.0, "percent_covered_display": "100", "missing_lines": 0, "excluded_lines": 2, "percent_statements_covered": 100.0, "percent_statements_covered_display": "100"}, "missing_lines": [], "excluded_lines": [11, 12], "start_line": 1}}}, "custom_components/dreo/sensor.py": {"executed_lines": [8, 10, 11, 12, 14, 15, 16, 17, 25, 31, 33, 38, 45, 54, 57, 58, 61, 62, 63, 66, 146, 148, 150, 151, 152, 154, 155, 157, 158, 162, 163, 165, 167, 170, 183, 187, 190, 191, 194, 195, 196, 197, 198, 201, 202, 204, 209, 211, 213, 214, 216], "summary": {"covered_lines": 51, "num_statements": 56, "percent_covered": 91.07142857142857, "percent_covered_display": "91", "missing_lines": 5, "excluded_lines": 0, "percent_statements_covered": 91.07142857142857, "percent_statements_covered_display": "91"}, "missing_lines": [159, 160, 176, 178, 180], "excluded_lines": [], "functions": {"get_entries": {"executed_lines": [148, 150, 151, 152, 154, 155, 157, 158, 162, 163, 165, 167], "summary": {"covered_lines": 12, "num_statements": 14, "percent_covered": 85.71428571428571, "percent_covered_display": "86", "missing_lines": 2, "excluded_lines": 0, "percent_statements_covered": 85.71428571428571, "percent_statements_covered_display": "86"}, "missing_lines": [159, 160], "excluded_lines": [], "start_line": 146}, "async_setup_entry": {"executed_lines": [], "summary": {"covered_lines": 0, "num_statements": 3, "percent_covered": 0.0, "percent_covered_display": "0", "missing_lines": 3, "excluded_lines": 0, "percent_statements_covered": 0.0, "percent_statements_covered_display": "0"}, "missing_lines": [176, 178, 180], "excluded_lines": [], "start_line": 170}, "DreoSensorHA.__init__": {"executed_lines": [190, 191, 194, 195, 196, 197, 198, 201, 202, 204], "summary": {"covered_lines": 10, "num_statements": 10, "percent_covered": 100.0, "percent_covered_display": "100", "missing_lines": 0, "excluded_lines": 0, "percent_statements_covered": 100.0, "percent_statements_covered_display": "100"}, "missing_lines": [], "excluded_lines": [], "start_line": 187}, "DreoSensorHA.__repr__": {"executed_lines": [211], "summary": {"covered_lines": 1, "num_statements": 1, "percent_covered": 100.0, "percent_covered_display": "100", "missing_lines": 0, "excluded_lines": 0, "percent_statements_covered": 100.0, "percent_statements_covered_display": "100"}, "missing_lines": [], "excluded_lines": [], "start_line": 209}, "DreoSensorHA.native_value": {"executed_lines": [216], "summary": {"covered_lines": 1, "num_statements": 1, "percent_covered": 100.0, "percent_covered_display": "100", "missing_lines": 0, "excluded_lines": 0, "percent_statements_covered": 100.0, "percent_statements_covered_display": "100"}, "missing_lines": [], "excluded_lines": [], "start_line": 214}, "": {"executed_lines": [8, 10, 11, 12, 14, 15, 16, 17, 25, 31, 33, 38, 45, 54, 57, 58, 61, 62, 63, 66, 146, 170, 183, 187, 209, 213, 214], "summary": {"covered_lines": 27, "num_statements": 27, "percent_covered": 100.0, "percent_covered_display": "100", "missing_lines": 0, "excluded_lines": 0, "percent_statements_covered": 100.0, "percent_statements_covered_display": "100"}, "missing_lines": [], "excluded_lines": [], "start_line": 1}}, "classes": {"DreoSensorEntityDescription": {"executed_lines": [], "summary": {"covered_lines": 0, "num_statements": 0, "percent_covered": 100.0, "percent_covered_display": "100", "missing_lines": 0, "excluded_lines": 0, "percent_statements_covered": 100.0, "percent_statements_covered_display": "100"}, "missing_lines": [], "excluded_lines": [], "start_line": 58}, "DreoSensorHA": {"executed_lines": [190, 191, 194, 195, 196, 197, 198, 201, 202, 204, 211, 216], "summary": {"covered_lines": 12, "num_statements": 12, "percent_covered": 100.0, "percent_covered_display": "100", "missing_lines": 0, "excluded_lines": 0, "percent_statements_covered": 100.0, "percent_statements_covered_display": "100"}, "missing_lines": [], "excluded_lines": [], "start_line": 183}, "": {"executed_lines": [8, 10, 11, 12, 14, 15, 16, 17, 25, 31, 33, 38, 45, 54, 57, 58, 61, 62, 63, 66, 146, 148, 150, 151, 152, 154, 155, 157, 158, 162, 163, 165, 167, 170, 183, 187, 209, 213, 214], "summary": {"covered_lines": 39, "num_statements": 44, "percent_covered": 88.63636363636364, "percent_covered_display": "89", "missing_lines": 5, "excluded_lines": 0, "percent_statements_covered": 88.63636363636364, "percent_statements_covered_display": "89"}, "missing_lines": [159, 160, 176, 178, 180], "excluded_lines": [], "start_line": 1}}}, "custom_components/dreo/switch.py": {"executed_lines": [7, 9, 10, 11, 13, 14, 15, 16, 17, 19, 21, 24, 25, 33, 34, 39, 126, 139, 141, 142, 143, 146, 147, 150, 152, 156, 157, 158, 160, 163, 193, 196, 201, 202, 205, 207, 208, 210, 215, 217, 219, 220, 226, 233, 235, 249, 251, 253, 259, 263], "summary": {"covered_lines": 50, "num_statements": 61, "percent_covered": 81.9672131147541, "percent_covered_display": "82", "missing_lines": 11, "excluded_lines": 0, "percent_statements_covered": 81.9672131147541, "percent_statements_covered_display": "82"}, "missing_lines": [153, 154, 173, 176, 178, 182, 183, 184, 187, 188, 191], "excluded_lines": [], "functions": {"get_entries": {"executed_lines": [139, 141, 142, 143, 146, 147, 150, 152, 156, 157, 158, 160], "summary": {"covered_lines": 12, "num_statements": 14, "percent_covered": 85.71428571428571, "percent_covered_display": "86", "missing_lines": 2, "excluded_lines": 0, "percent_statements_covered": 85.71428571428571, "percent_statements_covered_display": "86"}, "missing_lines": [153, 154], "excluded_lines": [], "start_line": 126}, "async_setup_entry": {"executed_lines": [], "summary": {"covered_lines": 0, "num_statements": 9, "percent_covered": 0.0, "percent_covered_display": "0", "missing_lines": 9, "excluded_lines": 0, "percent_statements_covered": 0.0, "percent_statements_covered_display": "0"}, "missing_lines": [173, 176, 178, 182, 183, 184, 187, 188, 191], "excluded_lines": [], "start_line": 163}, "DreoSwitchHA.__init__": {"executed_lines": [201, 202, 205, 207, 208, 210], "summary": {"covered_lines": 6, "num_statements": 6, "percent_covered": 100.0, "percent_covered_display": "100", "missing_lines": 0, "excluded_lines": 0, "percent_statements_covered": 100.0, "percent_statements_covered_display": "100"}, "missing_lines": [], "excluded_lines": [], "start_line": 196}, "DreoSwitchHA.__repr__": {"executed_lines": [217], "summary": {"covered_lines": 1, "num_statements": 1, "percent_covered": 100.0, "percent_covered_display": "100", "missing_lines": 0, "excluded_lines": 0, "percent_statements_covered": 100.0, "percent_statements_covered_display": "100"}, "missing_lines": [], "excluded_lines": [], "start_line": 215}, "DreoSwitchHA.is_on": {"executed_lines": [226, 233], "summary": {"covered_lines": 2, "num_statements": 2, "percent_covered": 100.0, "percent_covered_display": "100", "missing_lines": 0, "excluded_lines": 0, "percent_statements_covered": 100.0, "percent_statements_covered_display": "100"}, "missing_lines": [], "excluded_lines": [], "start_line": 220}, "DreoSwitchHA.turn_on": {"executed_lines": [249, 251], "summary": {"covered_lines": 2, "num_statements": 2, "percent_covered": 100.0, "percent_covered_display": "100", "missing_lines": 0, "excluded_lines": 0, "percent_statements_covered": 100.0, "percent_statements_covered_display": "100"}, "missing_lines": [], "excluded_lines": [], "start_line": 235}, "DreoSwitchHA.turn_off": {"executed_lines": [259, 263], "summary": {"covered_lines": 2, "num_statements": 2, "percent_covered": 100.0, "percent_covered_display": "100", "missing_lines": 0, "excluded_lines": 0, "percent_statements_covered": 100.0, "percent_statements_covered_display": "100"}, "missing_lines": [], "excluded_lines": [], "start_line": 253}, "": {"executed_lines": [7, 9, 10, 11, 13, 14, 15, 16, 17, 19, 21, 24, 25, 33, 34, 39, 126, 163, 193, 196, 215, 219, 220, 235, 253], "summary": {"covered_lines": 25, "num_statements": 25, "percent_covered": 100.0, "percent_covered_display": "100", "missing_lines": 0, "excluded_lines": 0, "percent_statements_covered": 100.0, "percent_statements_covered_display": "100"}, "missing_lines": [], "excluded_lines": [], "start_line": 1}}, "classes": {"DreoSwitchEntityDescription": {"executed_lines": [], "summary": {"covered_lines": 0, "num_statements": 0, "percent_covered": 100.0, "percent_covered_display": "100", "missing_lines": 0, "excluded_lines": 0, "percent_statements_covered": 100.0, "percent_statements_covered_display": "100"}, "missing_lines": [], "excluded_lines": [], "start_line": 25}, "DreoSwitchHA": {"executed_lines": [201, 202, 205, 207, 208, 210, 217, 226, 233, 249, 251, 259, 263], "summary": {"covered_lines": 13, "num_statements": 13, "percent_covered": 100.0, "percent_covered_display": "100", "missing_lines": 0, "excluded_lines": 0, "percent_statements_covered": 100.0, "percent_statements_covered_display": "100"}, "missing_lines": [], "excluded_lines": [], "start_line": 193}, "": {"executed_lines": [7, 9, 10, 11, 13, 14, 15, 16, 17, 19, 21, 24, 25, 33, 34, 39, 126, 139, 141, 142, 143, 146, 147, 150, 152, 156, 157, 158, 160, 163, 193, 196, 215, 219, 220, 235, 253], "summary": {"covered_lines": 37, "num_statements": 48, "percent_covered": 77.08333333333333, "percent_covered_display": "77", "missing_lines": 11, "excluded_lines": 0, "percent_statements_covered": 77.08333333333333, "percent_statements_covered_display": "77"}, "missing_lines": [153, 154, 173, 176, 178, 182, 183, 184, 187, 188, 191], "excluded_lines": [], "start_line": 1}}}}, "totals": {"covered_lines": 3295, "num_statements": 4589, "percent_covered": 71.80213554151231, "percent_covered_display": "72", "missing_lines": 1294, "excluded_lines": 26, "percent_statements_covered": 71.80213554151231, "percent_statements_covered_display": "72"}}